{"contracts/FakeUSDC.sol":{"l":{"14":1,"18":25,"22":24,"23":24},"path":"/Users/oscarmac/Desktop/BlockSwan/contracts/family-core-v1/contracts/FakeUSDC.sol","s":{"1":1,"2":25,"3":24,"4":24},"b":{"1":[24,1]},"f":{"1":180,"2":1,"3":25},"fnMap":{"1":{"name":"constructor","line":8,"loc":{"start":{"line":8,"column":1},"end":{"line":8,"column":43}}},"2":{"name":"updateMintAmount","line":13,"loc":{"start":{"line":13,"column":1},"end":{"line":15,"column":1}}},"3":{"name":"mint","line":17,"loc":{"start":{"line":17,"column":1},"end":{"line":24,"column":1}}}},"statementMap":{"1":{"start":{"line":14,"column":2},"end":{"line":14,"column":23}},"2":{"start":{"line":18,"column":2},"end":{"line":18,"column":451}},"3":{"start":{"line":22,"column":2},"end":{"line":22,"column":51}},"4":{"start":{"line":23,"column":2},"end":{"line":23,"column":32}}},"branchMap":{"1":{"line":18,"type":"if","locations":[{"start":{"line":18,"column":2},"end":{"line":18,"column":2}},{"start":{"line":18,"column":2},"end":{"line":18,"column":2}}]}}},"contracts/GigFactory.sol":{"l":{"17":3,"18":2,"22":108,"23":108,"24":108,"28":1,"32":1,"33":1,"37":143,"41":4,"73":3,"74":2,"78":68,"79":67,"83":108,"84":108,"88":35,"89":35,"90":33,"91":33,"92":33,"100":1,"108":1,"116":3,"117":2,"124":1,"125":1,"126":1,"130":2,"131":1,"135":2,"136":1,"145":25,"146":25,"151":24,"155":23,"169":23,"170":23,"171":23,"172":23,"174":23,"175":23,"179":33,"187":34,"191":1,"195":3,"199":1,"203":1,"207":2,"211":24,"215":2,"219":7,"223":8,"227":8,"231":8,"235":8,"239":8,"243":10,"247":3,"251":70},"path":"/Users/oscarmac/Desktop/BlockSwan/contracts/family-core-v1/contracts/GigFactory.sol","s":{"1":3,"2":108,"3":108,"4":108,"5":1,"6":1,"7":1,"8":143,"9":4,"10":3,"11":68,"12":108,"13":108,"14":35,"15":35,"16":33,"17":33,"18":33,"19":1,"20":1,"21":3,"22":2,"23":1,"24":1,"25":1,"26":2,"27":1,"28":2,"29":1,"30":25,"31":25,"32":24,"33":23,"34":23,"35":23,"36":23,"37":23,"38":23,"39":33,"40":34,"41":1,"42":3,"43":1,"44":1,"45":2,"46":24,"47":2,"48":7,"49":8,"50":8,"51":8,"52":8,"53":8,"54":10,"55":3,"56":70},"b":{"1":[2,1],"2":[2,1],"3":[67,1],"4":[33,2],"5":[2,1],"6":[1,1],"7":[1,1],"8":[1,1],"9":[24,1],"10":[23,1]},"f":{"1":3,"2":108,"3":1,"4":1,"5":143,"6":4,"7":3,"8":68,"9":108,"10":35,"11":1,"12":1,"13":3,"14":2,"15":2,"16":25,"17":33,"18":34,"19":1,"20":3,"21":1,"22":1,"23":2,"24":24,"25":2,"26":7,"27":8,"28":8,"29":8,"30":8,"31":8,"32":10,"33":3,"34":70},"fnMap":{"1":{"name":"onlyOwner","line":16,"loc":{"start":{"line":16,"column":1},"end":{"line":19,"column":1}}},"2":{"name":"constructor","line":21,"loc":{"start":{"line":21,"column":1},"end":{"line":25,"column":1}}},"3":{"name":"changeOwnership","line":27,"loc":{"start":{"line":27,"column":1},"end":{"line":29,"column":1}}},"4":{"name":"update","line":31,"loc":{"start":{"line":31,"column":1},"end":{"line":34,"column":1}}},"5":{"name":"implementation","line":36,"loc":{"start":{"line":36,"column":1},"end":{"line":38,"column":1}}},"6":{"name":"owner","line":40,"loc":{"start":{"line":40,"column":1},"end":{"line":42,"column":1}}},"7":{"name":"taxController","line":72,"loc":{"start":{"line":72,"column":1},"end":{"line":75,"column":1}}},"8":{"name":"isGig","line":77,"loc":{"start":{"line":77,"column":1},"end":{"line":80,"column":1}}},"9":{"name":"constructor","line":82,"loc":{"start":{"line":82,"column":1},"end":{"line":85,"column":1}}},"10":{"name":"withdrawJudgeRevenues","line":87,"loc":{"start":{"line":87,"column":1},"end":{"line":93,"column":1}}},"11":{"name":"changeAdminTax","line":98,"loc":{"start":{"line":95,"column":1},"end":{"line":101,"column":1}}},"12":{"name":"changeTrialTax","line":106,"loc":{"start":{"line":103,"column":1},"end":{"line":109,"column":1}}},"13":{"name":"changeRetributionModel","line":115,"loc":{"start":{"line":111,"column":1},"end":{"line":127,"column":1}}},"14":{"name":"changeAutoRefundDelay","line":129,"loc":{"start":{"line":129,"column":1},"end":{"line":132,"column":1}}},"15":{"name":"changeEndTrialDelay","line":134,"loc":{"start":{"line":134,"column":1},"end":{"line":137,"column":1}}},"16":{"name":"createGig","line":139,"loc":{"start":{"line":139,"column":1},"end":{"line":176,"column":1}}},"17":{"name":"emitStatusEvent","line":178,"loc":{"start":{"line":178,"column":1},"end":{"line":180,"column":1}}},"18":{"name":"emitVoteAdded","line":186,"loc":{"start":{"line":182,"column":1},"end":{"line":188,"column":1}}},"19":{"name":"changeUserSoulAddress","line":190,"loc":{"start":{"line":190,"column":1},"end":{"line":192,"column":1}}},"20":{"name":"nbGigs","line":194,"loc":{"start":{"line":194,"column":1},"end":{"line":196,"column":1}}},"21":{"name":"userSoul","line":198,"loc":{"start":{"line":198,"column":1},"end":{"line":200,"column":1}}},"22":{"name":"getImplementation","line":202,"loc":{"start":{"line":202,"column":1},"end":{"line":204,"column":1}}},"23":{"name":"getBeacon","line":206,"loc":{"start":{"line":206,"column":1},"end":{"line":208,"column":1}}},"24":{"name":"getGig","line":210,"loc":{"start":{"line":210,"column":1},"end":{"line":212,"column":1}}},"25":{"name":"adminTax","line":214,"loc":{"start":{"line":214,"column":1},"end":{"line":216,"column":1}}},"26":{"name":"trialTax","line":218,"loc":{"start":{"line":218,"column":1},"end":{"line":220,"column":1}}},"27":{"name":"judgeRetribution","line":222,"loc":{"start":{"line":222,"column":1},"end":{"line":224,"column":1}}},"28":{"name":"affiliateRetribution","line":226,"loc":{"start":{"line":226,"column":1},"end":{"line":228,"column":1}}},"29":{"name":"protocolRetribution","line":230,"loc":{"start":{"line":230,"column":1},"end":{"line":232,"column":1}}},"30":{"name":"firstAffiliateFee","line":234,"loc":{"start":{"line":234,"column":1},"end":{"line":236,"column":1}}},"31":{"name":"secondAffiliateFee","line":238,"loc":{"start":{"line":238,"column":1},"end":{"line":240,"column":1}}},"32":{"name":"endTrialDelay","line":242,"loc":{"start":{"line":242,"column":1},"end":{"line":244,"column":1}}},"33":{"name":"autoRefundDelay","line":246,"loc":{"start":{"line":246,"column":1},"end":{"line":248,"column":1}}},"34":{"name":"isFromGigFactory","line":250,"loc":{"start":{"line":250,"column":1},"end":{"line":252,"column":1}}}},"statementMap":{"1":{"start":{"line":17,"column":2},"end":{"line":17,"column":49}},"2":{"start":{"line":22,"column":2},"end":{"line":22,"column":40}},"3":{"start":{"line":23,"column":2},"end":{"line":23,"column":17}},"4":{"start":{"line":24,"column":2},"end":{"line":24,"column":19}},"5":{"start":{"line":28,"column":2},"end":{"line":28,"column":19}},"6":{"start":{"line":32,"column":2},"end":{"line":32,"column":26}},"7":{"start":{"line":33,"column":2},"end":{"line":33,"column":17}},"8":{"start":{"line":37,"column":2},"end":{"line":37,"column":32}},"9":{"start":{"line":41,"column":2},"end":{"line":41,"column":15}},"10":{"start":{"line":73,"column":2},"end":{"line":73,"column":51}},"11":{"start":{"line":78,"column":2},"end":{"line":78,"column":62}},"12":{"start":{"line":83,"column":2},"end":{"line":83,"column":41}},"13":{"start":{"line":84,"column":2},"end":{"line":84,"column":36}},"14":{"start":{"line":88,"column":2},"end":{"line":88,"column":63}},"15":{"start":{"line":89,"column":2},"end":{"line":89,"column":41}},"16":{"start":{"line":90,"column":2},"end":{"line":90,"column":33}},"17":{"start":{"line":91,"column":2},"end":{"line":91,"column":54}},"18":{"start":{"line":92,"column":2},"end":{"line":92,"column":42}},"19":{"start":{"line":100,"column":2},"end":{"line":100,"column":20}},"20":{"start":{"line":108,"column":2},"end":{"line":108,"column":20}},"21":{"start":{"line":116,"column":2},"end":{"line":116,"column":75}},"22":{"start":{"line":117,"column":2},"end":{"line":117,"column":3071}},"23":{"start":{"line":124,"column":2},"end":{"line":124,"column":41}},"24":{"start":{"line":125,"column":2},"end":{"line":125,"column":49}},"25":{"start":{"line":126,"column":2},"end":{"line":126,"column":47}},"26":{"start":{"line":130,"column":2},"end":{"line":130,"column":70}},"27":{"start":{"line":131,"column":2},"end":{"line":131,"column":32}},"28":{"start":{"line":135,"column":2},"end":{"line":135,"column":69}},"29":{"start":{"line":136,"column":2},"end":{"line":136,"column":30}},"30":{"start":{"line":145,"column":2},"end":{"line":145,"column":39}},"31":{"start":{"line":146,"column":2},"end":{"line":146,"column":3913}},"32":{"start":{"line":151,"column":2},"end":{"line":151,"column":4031}},"33":{"start":{"line":155,"column":2},"end":{"line":155,"column":4132}},"34":{"start":{"line":169,"column":2},"end":{"line":169,"column":32}},"35":{"start":{"line":170,"column":2},"end":{"line":170,"column":30}},"36":{"start":{"line":172,"column":2},"end":{"line":172,"column":67}},"37":{"start":{"line":174,"column":2},"end":{"line":174,"column":54}},"38":{"start":{"line":175,"column":2},"end":{"line":175,"column":23}},"39":{"start":{"line":179,"column":2},"end":{"line":179,"column":41}},"40":{"start":{"line":187,"column":2},"end":{"line":187,"column":44}},"41":{"start":{"line":191,"column":2},"end":{"line":191,"column":36}},"42":{"start":{"line":195,"column":2},"end":{"line":195,"column":16}},"43":{"start":{"line":199,"column":2},"end":{"line":199,"column":27}},"44":{"start":{"line":203,"column":2},"end":{"line":203,"column":32}},"45":{"start":{"line":207,"column":2},"end":{"line":207,"column":24}},"46":{"start":{"line":211,"column":2},"end":{"line":211,"column":18}},"47":{"start":{"line":215,"column":2},"end":{"line":215,"column":18}},"48":{"start":{"line":219,"column":2},"end":{"line":219,"column":18}},"49":{"start":{"line":223,"column":2},"end":{"line":223,"column":26}},"50":{"start":{"line":227,"column":2},"end":{"line":227,"column":30}},"51":{"start":{"line":231,"column":2},"end":{"line":231,"column":29}},"52":{"start":{"line":235,"column":2},"end":{"line":235,"column":27}},"53":{"start":{"line":239,"column":2},"end":{"line":239,"column":28}},"54":{"start":{"line":243,"column":2},"end":{"line":243,"column":23}},"55":{"start":{"line":247,"column":2},"end":{"line":247,"column":25}},"56":{"start":{"line":251,"column":2},"end":{"line":251,"column":25}}},"branchMap":{"1":{"line":17,"type":"if","locations":[{"start":{"line":17,"column":2},"end":{"line":17,"column":2}},{"start":{"line":17,"column":2},"end":{"line":17,"column":2}}]},"2":{"line":73,"type":"if","locations":[{"start":{"line":73,"column":2},"end":{"line":73,"column":2}},{"start":{"line":73,"column":2},"end":{"line":73,"column":2}}]},"3":{"line":78,"type":"if","locations":[{"start":{"line":78,"column":2},"end":{"line":78,"column":2}},{"start":{"line":78,"column":2},"end":{"line":78,"column":2}}]},"4":{"line":89,"type":"if","locations":[{"start":{"line":89,"column":2},"end":{"line":89,"column":2}},{"start":{"line":89,"column":2},"end":{"line":89,"column":2}}]},"5":{"line":116,"type":"if","locations":[{"start":{"line":116,"column":2},"end":{"line":116,"column":2}},{"start":{"line":116,"column":2},"end":{"line":116,"column":2}}]},"6":{"line":117,"type":"if","locations":[{"start":{"line":117,"column":2},"end":{"line":117,"column":2}},{"start":{"line":117,"column":2},"end":{"line":117,"column":2}}]},"7":{"line":130,"type":"if","locations":[{"start":{"line":130,"column":2},"end":{"line":130,"column":2}},{"start":{"line":130,"column":2},"end":{"line":130,"column":2}}]},"8":{"line":135,"type":"if","locations":[{"start":{"line":135,"column":2},"end":{"line":135,"column":2}},{"start":{"line":135,"column":2},"end":{"line":135,"column":2}}]},"9":{"line":146,"type":"if","locations":[{"start":{"line":146,"column":2},"end":{"line":146,"column":2}},{"start":{"line":146,"column":2},"end":{"line":146,"column":2}}]},"10":{"line":151,"type":"if","locations":[{"start":{"line":151,"column":2},"end":{"line":151,"column":2}},{"start":{"line":151,"column":2},"end":{"line":151,"column":2}}]}}},"contracts/GigV1.sol":{"l":{"40":18,"41":17,"44":15,"45":12,"48":46,"49":45,"52":3,"53":2,"56":14,"57":13,"60":23,"61":22,"65":4,"70":3,"82":23,"83":23,"84":23,"85":23,"86":23,"87":23,"88":23,"89":23,"90":23,"91":23,"95":2,"96":1,"97":1,"98":1,"99":1,"103":13,"104":13,"108":2,"109":2,"110":2,"111":2,"112":1,"113":1,"115":1,"118":1,"121":1,"127":1,"128":1,"129":1,"130":1,"132":1,"134":2,"135":2,"136":2,"140":10,"141":10,"142":10,"143":10,"144":10,"145":10,"149":35,"157":34,"158":34,"159":8,"161":6,"163":7,"165":6,"167":7,"169":34,"173":8,"174":7,"175":7,"176":7,"177":7,"178":7,"179":7,"180":7,"181":7,"182":7,"183":7,"184":7,"185":7,"186":7,"187":7,"189":7,"190":5,"191":5,"192":5,"193":5,"195":7,"196":4,"197":4,"198":4,"199":4,"201":7,"202":1,"203":1,"204":1,"205":1,"207":7,"208":1,"209":1,"210":1,"211":1,"213":7,"214":7,"215":7,"224":7,"225":7,"226":7,"228":7,"231":7,"233":7,"235":7,"236":33,"243":7,"249":7,"250":7,"251":7,"252":7,"253":7,"254":7,"258":1,"262":1,"266":1,"270":1,"274":1,"278":1,"282":1,"286":1,"290":1,"300":1,"310":1,"314":1,"318":5,"322":41},"path":"/Users/oscarmac/Desktop/BlockSwan/contracts/family-core-v1/contracts/GigV1.sol","s":{"1":18,"2":15,"3":46,"4":3,"5":14,"6":23,"7":4,"8":23,"9":23,"10":23,"11":23,"12":23,"13":23,"14":23,"15":23,"16":23,"17":23,"18":2,"19":1,"20":1,"21":1,"22":1,"23":13,"24":13,"25":2,"26":2,"27":2,"28":2,"29":1,"30":1,"31":1,"32":1,"33":1,"34":1,"35":1,"36":1,"37":1,"38":1,"39":2,"40":2,"41":2,"42":10,"43":10,"44":10,"45":10,"46":10,"47":10,"48":35,"49":34,"50":34,"51":8,"52":26,"53":6,"54":20,"55":7,"56":13,"57":6,"58":7,"59":34,"60":8,"61":7,"62":7,"63":7,"64":7,"65":7,"66":7,"67":7,"68":7,"69":7,"70":7,"71":7,"72":7,"73":7,"74":7,"75":7,"76":5,"77":5,"78":5,"79":5,"80":7,"81":4,"82":4,"83":4,"84":4,"85":7,"86":1,"87":1,"88":1,"89":1,"90":7,"91":1,"92":1,"93":1,"94":1,"95":7,"96":7,"97":7,"98":7,"99":7,"100":7,"101":7,"102":7,"103":7,"104":7,"105":33,"106":7,"107":7,"108":7,"109":7,"110":7,"111":7,"112":7,"113":1,"114":1,"115":1,"116":1,"117":1,"118":1,"119":1,"120":1,"121":1,"122":1,"123":1,"124":1,"125":5,"126":41},"b":{"1":[17,1],"2":[12,3],"3":[45,1],"4":[2,1],"5":[13,1],"6":[22,1],"7":[3,1],"8":[1,1],"9":[1,1],"10":[34,1],"11":[8,26],"12":[6,20],"13":[7,13],"14":[6,7],"15":[7,1],"16":[5,2],"17":[4,3],"18":[1,6],"19":[1,6]},"f":{"1":18,"2":15,"3":46,"4":3,"5":14,"6":23,"7":4,"8":23,"9":2,"10":13,"11":2,"12":10,"13":35,"14":8,"15":7,"16":1,"17":1,"18":1,"19":1,"20":1,"21":1,"22":1,"23":1,"24":1,"25":1,"26":1,"27":1,"28":5,"29":41},"fnMap":{"1":{"name":"unconfirmed","line":39,"loc":{"start":{"line":39,"column":1},"end":{"line":42,"column":1}}},"2":{"name":"confirmed","line":43,"loc":{"start":{"line":43,"column":1},"end":{"line":46,"column":1}}},"3":{"name":"trial","line":47,"loc":{"start":{"line":47,"column":1},"end":{"line":50,"column":1}}},"4":{"name":"isBuyer","line":51,"loc":{"start":{"line":51,"column":1},"end":{"line":54,"column":1}}},"5":{"name":"isSeller","line":55,"loc":{"start":{"line":55,"column":1},"end":{"line":58,"column":1}}},"6":{"name":"isActor","line":59,"loc":{"start":{"line":59,"column":1},"end":{"line":62,"column":1}}},"7":{"name":"isAuthorized","line":64,"loc":{"start":{"line":64,"column":1},"end":{"line":71,"column":1}}},"8":{"name":"initialize","line":81,"loc":{"start":{"line":73,"column":1},"end":{"line":92,"column":1}}},"9":{"name":"autoRefund","line":94,"loc":{"start":{"line":94,"column":1},"end":{"line":100,"column":1}}},"10":{"name":"acceptOrder","line":102,"loc":{"start":{"line":102,"column":1},"end":{"line":105,"column":1}}},"11":{"name":"sendAll","line":107,"loc":{"start":{"line":107,"column":1},"end":{"line":137,"column":1}}},"12":{"name":"callTrial","line":139,"loc":{"start":{"line":139,"column":1},"end":{"line":146,"column":1}}},"13":{"name":"vote","line":148,"loc":{"start":{"line":148,"column":1},"end":{"line":170,"column":1}}},"14":{"name":"endTrial","line":172,"loc":{"start":{"line":172,"column":1},"end":{"line":216,"column":1}}},"15":{"name":"_transferTrial","line":218,"loc":{"start":{"line":218,"column":1},"end":{"line":255,"column":1}}},"16":{"name":"paymentToken","line":257,"loc":{"start":{"line":257,"column":1},"end":{"line":259,"column":1}}},"17":{"name":"gigFactory","line":261,"loc":{"start":{"line":261,"column":1},"end":{"line":263,"column":1}}},"18":{"name":"userSoul","line":265,"loc":{"start":{"line":265,"column":1},"end":{"line":267,"column":1}}},"19":{"name":"gigIndex","line":269,"loc":{"start":{"line":269,"column":1},"end":{"line":271,"column":1}}},"20":{"name":"buyer","line":273,"loc":{"start":{"line":273,"column":1},"end":{"line":275,"column":1}}},"21":{"name":"seller","line":277,"loc":{"start":{"line":277,"column":1},"end":{"line":279,"column":1}}},"22":{"name":"price","line":281,"loc":{"start":{"line":281,"column":1},"end":{"line":283,"column":1}}},"23":{"name":"timestamp","line":285,"loc":{"start":{"line":285,"column":1},"end":{"line":287,"column":1}}},"24":{"name":"metadata","line":289,"loc":{"start":{"line":289,"column":1},"end":{"line":291,"column":1}}},"25":{"name":"readTrialMetadata","line":297,"loc":{"start":{"line":293,"column":1},"end":{"line":301,"column":1}}},"26":{"name":"readTrialLogs","line":307,"loc":{"start":{"line":303,"column":1},"end":{"line":311,"column":1}}},"27":{"name":"logs","line":313,"loc":{"start":{"line":313,"column":1},"end":{"line":315,"column":1}}},"28":{"name":"state","line":317,"loc":{"start":{"line":317,"column":1},"end":{"line":319,"column":1}}},"29":{"name":"_transfer","line":321,"loc":{"start":{"line":321,"column":1},"end":{"line":323,"column":1}}}},"statementMap":{"1":{"start":{"line":40,"column":2},"end":{"line":40,"column":44}},"2":{"start":{"line":44,"column":2},"end":{"line":44,"column":42}},"3":{"start":{"line":48,"column":2},"end":{"line":48,"column":38}},"4":{"start":{"line":52,"column":2},"end":{"line":52,"column":30}},"5":{"start":{"line":56,"column":2},"end":{"line":56,"column":31}},"6":{"start":{"line":60,"column":2},"end":{"line":60,"column":55}},"7":{"start":{"line":65,"column":2},"end":{"line":65,"column":1405}},"8":{"start":{"line":82,"column":2},"end":{"line":82,"column":38}},"9":{"start":{"line":83,"column":2},"end":{"line":83,"column":41}},"10":{"start":{"line":84,"column":2},"end":{"line":84,"column":36}},"11":{"start":{"line":85,"column":2},"end":{"line":85,"column":19}},"12":{"start":{"line":86,"column":2},"end":{"line":86,"column":21}},"13":{"start":{"line":87,"column":2},"end":{"line":87,"column":19}},"14":{"start":{"line":88,"column":2},"end":{"line":88,"column":25}},"15":{"start":{"line":89,"column":2},"end":{"line":89,"column":29}},"16":{"start":{"line":90,"column":2},"end":{"line":90,"column":34}},"17":{"start":{"line":91,"column":2},"end":{"line":91,"column":22}},"18":{"start":{"line":95,"column":2},"end":{"line":95,"column":71}},"19":{"start":{"line":96,"column":2},"end":{"line":96,"column":58}},"20":{"start":{"line":97,"column":2},"end":{"line":97,"column":31}},"21":{"start":{"line":98,"column":2},"end":{"line":98,"column":27}},"22":{"start":{"line":99,"column":2},"end":{"line":99,"column":46}},"23":{"start":{"line":103,"column":2},"end":{"line":103,"column":32}},"24":{"start":{"line":104,"column":2},"end":{"line":104,"column":46}},"25":{"start":{"line":108,"column":2},"end":{"line":108,"column":58}},"26":{"start":{"line":109,"column":2},"end":{"line":109,"column":67}},"27":{"start":{"line":110,"column":2},"end":{"line":110,"column":66}},"28":{"start":{"line":111,"column":2},"end":{"line":111,"column":2752}},"29":{"start":{"line":112,"column":3},"end":{"line":112,"column":54}},"30":{"start":{"line":113,"column":3},"end":{"line":113,"column":2869}},"31":{"start":{"line":115,"column":3},"end":{"line":115,"column":2959}},"32":{"start":{"line":118,"column":3},"end":{"line":118,"column":3013}},"33":{"start":{"line":121,"column":3},"end":{"line":121,"column":3093}},"34":{"start":{"line":127,"column":3},"end":{"line":127,"column":41}},"35":{"start":{"line":128,"column":3},"end":{"line":128,"column":50}},"36":{"start":{"line":129,"column":3},"end":{"line":129,"column":50}},"37":{"start":{"line":130,"column":3},"end":{"line":130,"column":48}},"38":{"start":{"line":132,"column":3},"end":{"line":132,"column":38}},"39":{"start":{"line":134,"column":2},"end":{"line":134,"column":58}},"40":{"start":{"line":135,"column":2},"end":{"line":135,"column":27}},"41":{"start":{"line":136,"column":2},"end":{"line":136,"column":46}},"42":{"start":{"line":140,"column":2},"end":{"line":140,"column":17}},"43":{"start":{"line":141,"column":2},"end":{"line":141,"column":28}},"44":{"start":{"line":142,"column":2},"end":{"line":142,"column":59}},"45":{"start":{"line":143,"column":2},"end":{"line":143,"column":46}},"46":{"start":{"line":144,"column":2},"end":{"line":144,"column":35}},"47":{"start":{"line":145,"column":2},"end":{"line":145,"column":37}},"48":{"start":{"line":149,"column":2},"end":{"line":149,"column":3973}},"49":{"start":{"line":157,"column":2},"end":{"line":157,"column":28}},"50":{"start":{"line":158,"column":2},"end":{"line":158,"column":4193}},"51":{"start":{"line":159,"column":3},"end":{"line":159,"column":26}},"52":{"start":{"line":160,"column":9},"end":{"line":160,"column":4249}},"53":{"start":{"line":161,"column":3},"end":{"line":161,"column":26}},"54":{"start":{"line":162,"column":9},"end":{"line":162,"column":4305}},"55":{"start":{"line":163,"column":3},"end":{"line":163,"column":26}},"56":{"start":{"line":164,"column":9},"end":{"line":164,"column":4361}},"57":{"start":{"line":165,"column":3},"end":{"line":165,"column":26}},"58":{"start":{"line":167,"column":3},"end":{"line":167,"column":26}},"59":{"start":{"line":169,"column":2},"end":{"line":169,"column":60}},"60":{"start":{"line":173,"column":2},"end":{"line":173,"column":39}},"61":{"start":{"line":174,"column":2},"end":{"line":174,"column":35}},"62":{"start":{"line":175,"column":2},"end":{"line":175,"column":35}},"63":{"start":{"line":176,"column":2},"end":{"line":176,"column":35}},"64":{"start":{"line":177,"column":2},"end":{"line":177,"column":35}},"65":{"start":{"line":178,"column":2},"end":{"line":178,"column":35}},"66":{"start":{"line":179,"column":2},"end":{"line":179,"column":34}},"67":{"start":{"line":180,"column":2},"end":{"line":180,"column":34}},"68":{"start":{"line":181,"column":2},"end":{"line":181,"column":34}},"69":{"start":{"line":182,"column":2},"end":{"line":182,"column":34}},"70":{"start":{"line":183,"column":2},"end":{"line":183,"column":34}},"71":{"start":{"line":184,"column":2},"end":{"line":184,"column":29}},"72":{"start":{"line":185,"column":2},"end":{"line":185,"column":36}},"73":{"start":{"line":186,"column":2},"end":{"line":186,"column":21}},"74":{"start":{"line":187,"column":2},"end":{"line":187,"column":28}},"75":{"start":{"line":189,"column":2},"end":{"line":189,"column":5097}},"76":{"start":{"line":190,"column":3},"end":{"line":190,"column":21}},"77":{"start":{"line":191,"column":3},"end":{"line":191,"column":19}},"78":{"start":{"line":192,"column":3},"end":{"line":192,"column":20}},"79":{"start":{"line":193,"column":3},"end":{"line":193,"column":21}},"80":{"start":{"line":195,"column":2},"end":{"line":195,"column":5224}},"81":{"start":{"line":196,"column":3},"end":{"line":196,"column":21}},"82":{"start":{"line":197,"column":3},"end":{"line":197,"column":20}},"83":{"start":{"line":198,"column":3},"end":{"line":198,"column":21}},"84":{"start":{"line":199,"column":3},"end":{"line":199,"column":19}},"85":{"start":{"line":201,"column":2},"end":{"line":201,"column":5351}},"86":{"start":{"line":202,"column":3},"end":{"line":202,"column":21}},"87":{"start":{"line":203,"column":3},"end":{"line":203,"column":20}},"88":{"start":{"line":204,"column":3},"end":{"line":204,"column":21}},"89":{"start":{"line":205,"column":3},"end":{"line":205,"column":19}},"90":{"start":{"line":207,"column":2},"end":{"line":207,"column":5477}},"91":{"start":{"line":208,"column":3},"end":{"line":208,"column":21}},"92":{"start":{"line":209,"column":3},"end":{"line":209,"column":21}},"93":{"start":{"line":210,"column":3},"end":{"line":210,"column":20}},"94":{"start":{"line":211,"column":3},"end":{"line":211,"column":19}},"95":{"start":{"line":213,"column":2},"end":{"line":213,"column":27}},"96":{"start":{"line":214,"column":2},"end":{"line":214,"column":46}},"97":{"start":{"line":215,"column":2},"end":{"line":215,"column":66}},"98":{"start":{"line":224,"column":2},"end":{"line":224,"column":67}},"99":{"start":{"line":225,"column":2},"end":{"line":225,"column":71}},"100":{"start":{"line":226,"column":2},"end":{"line":226,"column":6036}},"101":{"start":{"line":228,"column":2},"end":{"line":228,"column":6161}},"102":{"start":{"line":231,"column":2},"end":{"line":231,"column":76}},"103":{"start":{"line":233,"column":2},"end":{"line":233,"column":55}},"104":{"start":{"line":235,"column":2},"end":{"line":235,"column":6346}},"105":{"start":{"line":236,"column":3},"end":{"line":236,"column":6392}},"106":{"start":{"line":243,"column":2},"end":{"line":243,"column":6505}},"107":{"start":{"line":249,"column":2},"end":{"line":249,"column":40}},"108":{"start":{"line":250,"column":2},"end":{"line":250,"column":49}},"109":{"start":{"line":251,"column":2},"end":{"line":251,"column":49}},"110":{"start":{"line":252,"column":2},"end":{"line":252,"column":47}},"111":{"start":{"line":253,"column":2},"end":{"line":253,"column":58}},"112":{"start":{"line":254,"column":2},"end":{"line":254,"column":60}},"113":{"start":{"line":258,"column":2},"end":{"line":258,"column":22}},"114":{"start":{"line":262,"column":2},"end":{"line":262,"column":20}},"115":{"start":{"line":266,"column":2},"end":{"line":266,"column":18}},"116":{"start":{"line":270,"column":2},"end":{"line":270,"column":18}},"117":{"start":{"line":274,"column":2},"end":{"line":274,"column":15}},"118":{"start":{"line":278,"column":2},"end":{"line":278,"column":16}},"119":{"start":{"line":282,"column":2},"end":{"line":282,"column":15}},"120":{"start":{"line":286,"column":2},"end":{"line":286,"column":19}},"121":{"start":{"line":290,"column":2},"end":{"line":290,"column":18}},"122":{"start":{"line":300,"column":2},"end":{"line":300,"column":18}},"123":{"start":{"line":310,"column":2},"end":{"line":310,"column":14}},"124":{"start":{"line":314,"column":2},"end":{"line":314,"column":14}},"125":{"start":{"line":318,"column":2},"end":{"line":318,"column":19}},"126":{"start":{"line":322,"column":2},"end":{"line":322,"column":41}}},"branchMap":{"1":{"line":40,"type":"if","locations":[{"start":{"line":40,"column":2},"end":{"line":40,"column":2}},{"start":{"line":40,"column":2},"end":{"line":40,"column":2}}]},"2":{"line":44,"type":"if","locations":[{"start":{"line":44,"column":2},"end":{"line":44,"column":2}},{"start":{"line":44,"column":2},"end":{"line":44,"column":2}}]},"3":{"line":48,"type":"if","locations":[{"start":{"line":48,"column":2},"end":{"line":48,"column":2}},{"start":{"line":48,"column":2},"end":{"line":48,"column":2}}]},"4":{"line":52,"type":"if","locations":[{"start":{"line":52,"column":2},"end":{"line":52,"column":2}},{"start":{"line":52,"column":2},"end":{"line":52,"column":2}}]},"5":{"line":56,"type":"if","locations":[{"start":{"line":56,"column":2},"end":{"line":56,"column":2}},{"start":{"line":56,"column":2},"end":{"line":56,"column":2}}]},"6":{"line":60,"type":"if","locations":[{"start":{"line":60,"column":2},"end":{"line":60,"column":2}},{"start":{"line":60,"column":2},"end":{"line":60,"column":2}}]},"7":{"line":65,"type":"if","locations":[{"start":{"line":65,"column":2},"end":{"line":65,"column":2}},{"start":{"line":65,"column":2},"end":{"line":65,"column":2}}]},"8":{"line":95,"type":"if","locations":[{"start":{"line":95,"column":2},"end":{"line":95,"column":2}},{"start":{"line":95,"column":2},"end":{"line":95,"column":2}}]},"9":{"line":111,"type":"if","locations":[{"start":{"line":111,"column":2},"end":{"line":111,"column":2}},{"start":{"line":111,"column":2},"end":{"line":111,"column":2}}]},"10":{"line":149,"type":"if","locations":[{"start":{"line":149,"column":2},"end":{"line":149,"column":2}},{"start":{"line":149,"column":2},"end":{"line":149,"column":2}}]},"11":{"line":158,"type":"if","locations":[{"start":{"line":158,"column":2},"end":{"line":158,"column":2}},{"start":{"line":158,"column":2},"end":{"line":158,"column":2}}]},"12":{"line":160,"type":"if","locations":[{"start":{"line":160,"column":9},"end":{"line":160,"column":9}},{"start":{"line":160,"column":9},"end":{"line":160,"column":9}}]},"13":{"line":162,"type":"if","locations":[{"start":{"line":162,"column":9},"end":{"line":162,"column":9}},{"start":{"line":162,"column":9},"end":{"line":162,"column":9}}]},"14":{"line":164,"type":"if","locations":[{"start":{"line":164,"column":9},"end":{"line":164,"column":9}},{"start":{"line":164,"column":9},"end":{"line":164,"column":9}}]},"15":{"line":173,"type":"if","locations":[{"start":{"line":173,"column":2},"end":{"line":173,"column":2}},{"start":{"line":173,"column":2},"end":{"line":173,"column":2}}]},"16":{"line":189,"type":"if","locations":[{"start":{"line":189,"column":2},"end":{"line":189,"column":2}},{"start":{"line":189,"column":2},"end":{"line":189,"column":2}}]},"17":{"line":195,"type":"if","locations":[{"start":{"line":195,"column":2},"end":{"line":195,"column":2}},{"start":{"line":195,"column":2},"end":{"line":195,"column":2}}]},"18":{"line":201,"type":"if","locations":[{"start":{"line":201,"column":2},"end":{"line":201,"column":2}},{"start":{"line":201,"column":2},"end":{"line":201,"column":2}}]},"19":{"line":207,"type":"if","locations":[{"start":{"line":207,"column":2},"end":{"line":207,"column":2}},{"start":{"line":207,"column":2},"end":{"line":207,"column":2}}]}}},"contracts/interfaces/IGigFactory.sol":{"l":{},"path":"/Users/oscarmac/Desktop/BlockSwan/contracts/family-core-v1/contracts/interfaces/IGigFactory.sol","s":{},"b":{},"f":{},"fnMap":{},"statementMap":{},"branchMap":{}},"contracts/interfaces/IUserSoul.sol":{"l":{},"path":"/Users/oscarmac/Desktop/BlockSwan/contracts/family-core-v1/contracts/interfaces/IUserSoul.sol","s":{},"b":{},"f":{},"fnMap":{},"statementMap":{},"branchMap":{}},"contracts/UserSoul.sol":{"l":{"58":177,"62":35,"63":34,"67":71,"68":70,"72":37,"76":1,"77":1,"78":0,"79":0,"80":0,"81":0,"85":72,"86":70,"87":70,"88":70,"89":70,"90":70,"91":70,"92":70,"96":3,"97":2,"98":2,"102":116,"103":116,"104":116,"108":4,"109":4,"110":4,"118":33,"125":34,"129":8,"130":8,"134":11,"135":11,"139":10,"140":10,"149":8,"150":8,"152":8,"153":7,"154":7,"156":8,"157":8,"159":8,"160":7,"161":7,"163":8,"164":8,"167":8,"168":8,"169":8,"170":8,"171":8,"182":2,"183":1,"198":1,"209":80,"210":75,"212":5,"217":42,"221":86,"225":83,"229":83,"237":40,"245":1,"249":23,"253":2,"257":1,"261":68,"265":156},"path":"/Users/oscarmac/Desktop/BlockSwan/contracts/family-core-v1/contracts/UserSoul.sol","s":{"1":177,"2":35,"3":71,"4":37,"5":1,"6":1,"7":0,"8":0,"9":0,"10":0,"11":72,"12":70,"13":70,"14":70,"15":70,"16":70,"17":70,"18":70,"19":3,"20":2,"21":116,"22":116,"23":116,"24":4,"25":4,"26":4,"27":33,"28":34,"29":8,"30":8,"31":11,"32":11,"33":10,"34":10,"35":8,"36":8,"37":8,"38":7,"39":7,"40":8,"41":8,"42":8,"43":7,"44":7,"45":8,"46":8,"47":8,"48":8,"49":8,"50":8,"51":8,"52":2,"53":1,"54":1,"55":80,"56":75,"57":5,"58":42,"59":86,"60":83,"61":83,"62":40,"63":1,"64":23,"65":2,"66":1,"67":68,"68":156},"b":{"1":[34,1],"2":[70,1],"3":[0,1],"4":[70,2],"5":[2,1],"6":[7,1],"7":[7,1],"8":[1,1],"9":[75,5]},"f":{"1":177,"2":35,"3":71,"4":37,"5":1,"6":72,"7":3,"8":116,"9":4,"10":33,"11":34,"12":8,"13":11,"14":10,"15":8,"16":2,"17":1,"18":80,"19":42,"20":86,"21":83,"22":83,"23":40,"24":1,"25":23,"26":2,"27":1,"28":68,"29":156},"fnMap":{"1":{"name":"constructor","line":57,"loc":{"start":{"line":57,"column":1},"end":{"line":59,"column":1}}},"2":{"name":"fromFactory","line":61,"loc":{"start":{"line":61,"column":1},"end":{"line":64,"column":1}}},"3":{"name":"fromGig","line":66,"loc":{"start":{"line":66,"column":1},"end":{"line":69,"column":1}}},"4":{"name":"changeGigFactory","line":71,"loc":{"start":{"line":71,"column":1},"end":{"line":73,"column":1}}},"5":{"name":"withdrawInviterRevenues","line":75,"loc":{"start":{"line":75,"column":1},"end":{"line":82,"column":1}}},"6":{"name":"mint","line":84,"loc":{"start":{"line":84,"column":1},"end":{"line":93,"column":1}}},"7":{"name":"burn","line":95,"loc":{"start":{"line":95,"column":1},"end":{"line":99,"column":1}}},"8":{"name":"setJudge","line":101,"loc":{"start":{"line":101,"column":1},"end":{"line":105,"column":1}}},"9":{"name":"setBan","line":107,"loc":{"start":{"line":107,"column":1},"end":{"line":111,"column":1}}},"10":{"name":"incrValidVotes","line":117,"loc":{"start":{"line":113,"column":1},"end":{"line":119,"column":1}}},"11":{"name":"decreaseUserJudgeWeight","line":123,"loc":{"start":{"line":121,"column":1},"end":{"line":126,"column":1}}},"12":{"name":"onGigSuccess","line":128,"loc":{"start":{"line":128,"column":1},"end":{"line":131,"column":1}}},"13":{"name":"onGigFail","line":133,"loc":{"start":{"line":133,"column":1},"end":{"line":136,"column":1}}},"14":{"name":"onTrial","line":138,"loc":{"start":{"line":138,"column":1},"end":{"line":141,"column":1}}},"15":{"name":"increaseInvitersBalance","line":148,"loc":{"start":{"line":143,"column":1},"end":{"line":179,"column":1}}},"16":{"name":"changeIdentity","line":181,"loc":{"start":{"line":181,"column":1},"end":{"line":184,"column":1}}},"17":{"name":"getUser","line":186,"loc":{"start":{"line":186,"column":1},"end":{"line":206,"column":1}}},"18":{"name":"hasSoul","line":208,"loc":{"start":{"line":208,"column":1},"end":{"line":214,"column":1}}},"19":{"name":"isJudge","line":216,"loc":{"start":{"line":216,"column":1},"end":{"line":218,"column":1}}},"20":{"name":"isBan","line":220,"loc":{"start":{"line":220,"column":1},"end":{"line":222,"column":1}}},"21":{"name":"getFirstInviter","line":224,"loc":{"start":{"line":224,"column":1},"end":{"line":226,"column":1}}},"22":{"name":"getSecondInviter","line":228,"loc":{"start":{"line":228,"column":1},"end":{"line":230,"column":1}}},"23":{"name":"getUserWeight","line":232,"loc":{"start":{"line":232,"column":1},"end":{"line":238,"column":1}}},"24":{"name":"getInviterBalance","line":240,"loc":{"start":{"line":240,"column":1},"end":{"line":246,"column":1}}},"25":{"name":"gigFactory","line":248,"loc":{"start":{"line":248,"column":1},"end":{"line":250,"column":1}}},"26":{"name":"balanceWeight","line":252,"loc":{"start":{"line":252,"column":1},"end":{"line":254,"column":1}}},"27":{"name":"totalValidVotes","line":256,"loc":{"start":{"line":256,"column":1},"end":{"line":258,"column":1}}},"28":{"name":"getUserIdentity","line":260,"loc":{"start":{"line":260,"column":1},"end":{"line":262,"column":1}}},"29":{"name":"isZeroAddress","line":264,"loc":{"start":{"line":264,"column":1},"end":{"line":266,"column":1}}}},"statementMap":{"1":{"start":{"line":58,"column":2},"end":{"line":58,"column":42}},"2":{"start":{"line":62,"column":2},"end":{"line":62,"column":44}},"3":{"start":{"line":67,"column":2},"end":{"line":67,"column":50}},"4":{"start":{"line":72,"column":2},"end":{"line":72,"column":37}},"5":{"start":{"line":76,"column":2},"end":{"line":76,"column":60}},"6":{"start":{"line":77,"column":2},"end":{"line":77,"column":21}},"7":{"start":{"line":78,"column":2},"end":{"line":78,"column":45}},"8":{"start":{"line":79,"column":2},"end":{"line":79,"column":39}},"9":{"start":{"line":80,"column":2},"end":{"line":80,"column":48}},"10":{"start":{"line":81,"column":2},"end":{"line":81,"column":53}},"11":{"start":{"line":85,"column":2},"end":{"line":85,"column":56}},"12":{"start":{"line":86,"column":2},"end":{"line":86,"column":56}},"13":{"start":{"line":87,"column":2},"end":{"line":87,"column":54}},"14":{"start":{"line":88,"column":2},"end":{"line":88,"column":74}},"15":{"start":{"line":89,"column":2},"end":{"line":89,"column":39}},"16":{"start":{"line":90,"column":2},"end":{"line":90,"column":41}},"17":{"start":{"line":91,"column":2},"end":{"line":91,"column":47}},"18":{"start":{"line":92,"column":2},"end":{"line":92,"column":49}},"19":{"start":{"line":96,"column":2},"end":{"line":96,"column":29}},"20":{"start":{"line":98,"column":2},"end":{"line":98,"column":23}},"21":{"start":{"line":102,"column":2},"end":{"line":102,"column":41}},"22":{"start":{"line":103,"column":2},"end":{"line":103,"column":36}},"23":{"start":{"line":104,"column":2},"end":{"line":104,"column":33}},"24":{"start":{"line":108,"column":2},"end":{"line":108,"column":37}},"25":{"start":{"line":109,"column":2},"end":{"line":109,"column":32}},"26":{"start":{"line":110,"column":2},"end":{"line":110,"column":29}},"27":{"start":{"line":118,"column":2},"end":{"line":118,"column":44}},"28":{"start":{"line":125,"column":2},"end":{"line":125,"column":37}},"29":{"start":{"line":129,"column":2},"end":{"line":129,"column":30}},"30":{"start":{"line":130,"column":2},"end":{"line":130,"column":32}},"31":{"start":{"line":134,"column":2},"end":{"line":134,"column":27}},"32":{"start":{"line":135,"column":2},"end":{"line":135,"column":29}},"33":{"start":{"line":139,"column":2},"end":{"line":139,"column":27}},"34":{"start":{"line":140,"column":2},"end":{"line":140,"column":28}},"35":{"start":{"line":149,"column":2},"end":{"line":149,"column":54}},"36":{"start":{"line":150,"column":2},"end":{"line":150,"column":56}},"37":{"start":{"line":152,"column":2},"end":{"line":152,"column":4153}},"38":{"start":{"line":153,"column":3},"end":{"line":153,"column":30}},"39":{"start":{"line":154,"column":3},"end":{"line":154,"column":31}},"40":{"start":{"line":156,"column":2},"end":{"line":156,"column":56}},"41":{"start":{"line":157,"column":2},"end":{"line":157,"column":58}},"42":{"start":{"line":159,"column":2},"end":{"line":159,"column":4386}},"43":{"start":{"line":160,"column":3},"end":{"line":160,"column":31}},"44":{"start":{"line":161,"column":3},"end":{"line":161,"column":32}},"45":{"start":{"line":163,"column":2},"end":{"line":163,"column":77}},"46":{"start":{"line":164,"column":2},"end":{"line":164,"column":4584}},"47":{"start":{"line":167,"column":2},"end":{"line":167,"column":64}},"48":{"start":{"line":168,"column":2},"end":{"line":168,"column":66}},"49":{"start":{"line":169,"column":2},"end":{"line":169,"column":65}},"50":{"start":{"line":170,"column":2},"end":{"line":170,"column":67}},"51":{"start":{"line":171,"column":2},"end":{"line":171,"column":4944}},"52":{"start":{"line":182,"column":2},"end":{"line":182,"column":29}},"53":{"start":{"line":183,"column":2},"end":{"line":183,"column":42}},"54":{"start":{"line":198,"column":2},"end":{"line":198,"column":5374}},"55":{"start":{"line":209,"column":2},"end":{"line":209,"column":5615}},"56":{"start":{"line":210,"column":3},"end":{"line":210,"column":15}},"57":{"start":{"line":212,"column":3},"end":{"line":212,"column":14}},"58":{"start":{"line":217,"column":2},"end":{"line":217,"column":31}},"59":{"start":{"line":221,"column":2},"end":{"line":221,"column":29}},"60":{"start":{"line":225,"column":2},"end":{"line":225,"column":35}},"61":{"start":{"line":229,"column":2},"end":{"line":229,"column":35}},"62":{"start":{"line":237,"column":2},"end":{"line":237,"column":43}},"63":{"start":{"line":245,"column":2},"end":{"line":245,"column":46}},"64":{"start":{"line":249,"column":2},"end":{"line":249,"column":29}},"65":{"start":{"line":253,"column":2},"end":{"line":253,"column":23}},"66":{"start":{"line":257,"column":2},"end":{"line":257,"column":25}},"67":{"start":{"line":261,"column":2},"end":{"line":261,"column":30}},"68":{"start":{"line":265,"column":2},"end":{"line":265,"column":70}}},"branchMap":{"1":{"line":62,"type":"if","locations":[{"start":{"line":62,"column":2},"end":{"line":62,"column":2}},{"start":{"line":62,"column":2},"end":{"line":62,"column":2}}]},"2":{"line":67,"type":"if","locations":[{"start":{"line":67,"column":2},"end":{"line":67,"column":2}},{"start":{"line":67,"column":2},"end":{"line":67,"column":2}}]},"3":{"line":77,"type":"if","locations":[{"start":{"line":77,"column":2},"end":{"line":77,"column":2}},{"start":{"line":77,"column":2},"end":{"line":77,"column":2}}]},"4":{"line":85,"type":"if","locations":[{"start":{"line":85,"column":2},"end":{"line":85,"column":2}},{"start":{"line":85,"column":2},"end":{"line":85,"column":2}}]},"5":{"line":96,"type":"if","locations":[{"start":{"line":96,"column":2},"end":{"line":96,"column":2}},{"start":{"line":96,"column":2},"end":{"line":96,"column":2}}]},"6":{"line":152,"type":"if","locations":[{"start":{"line":152,"column":2},"end":{"line":152,"column":2}},{"start":{"line":152,"column":2},"end":{"line":152,"column":2}}]},"7":{"line":159,"type":"if","locations":[{"start":{"line":159,"column":2},"end":{"line":159,"column":2}},{"start":{"line":159,"column":2},"end":{"line":159,"column":2}}]},"8":{"line":182,"type":"if","locations":[{"start":{"line":182,"column":2},"end":{"line":182,"column":2}},{"start":{"line":182,"column":2},"end":{"line":182,"column":2}}]},"9":{"line":209,"type":"if","locations":[{"start":{"line":209,"column":2},"end":{"line":209,"column":2}},{"start":{"line":209,"column":2},"end":{"line":209,"column":2}}]}}}}