{"contracts/FakeUSDC.sol":{"l":{"14":1,"18":25,"22":24,"23":24},"path":"/Users/oscarmac/Desktop/BlockSwan/Platform/contracts/bfp/contracts/FakeUSDC.sol","s":{"1":1,"2":25,"3":24,"4":24},"b":{"1":[24,1]},"f":{"1":180,"2":1,"3":25},"fnMap":{"1":{"name":"constructor","line":8,"loc":{"start":{"line":8,"column":1},"end":{"line":8,"column":43}}},"2":{"name":"updateMintAmount","line":13,"loc":{"start":{"line":13,"column":1},"end":{"line":15,"column":1}}},"3":{"name":"mint","line":17,"loc":{"start":{"line":17,"column":1},"end":{"line":24,"column":1}}}},"statementMap":{"1":{"start":{"line":14,"column":2},"end":{"line":14,"column":23}},"2":{"start":{"line":18,"column":2},"end":{"line":18,"column":451}},"3":{"start":{"line":22,"column":2},"end":{"line":22,"column":51}},"4":{"start":{"line":23,"column":2},"end":{"line":23,"column":32}}},"branchMap":{"1":{"line":18,"type":"if","locations":[{"start":{"line":18,"column":2},"end":{"line":18,"column":2}},{"start":{"line":18,"column":2},"end":{"line":18,"column":2}}]}}},"contracts/GigFactory.sol":{"l":{"17":3,"18":2,"22":108,"23":108,"24":108,"28":1,"32":1,"33":1,"37":143,"41":4,"73":3,"74":2,"78":68,"79":67,"83":108,"84":108,"88":35,"89":35,"90":33,"91":33,"92":33,"100":1,"108":1,"116":3,"117":2,"124":1,"125":1,"126":1,"130":2,"131":1,"135":2,"136":1,"145":25,"146":25,"151":24,"155":23,"169":23,"170":23,"171":23,"172":23,"174":23,"175":23,"179":33,"187":34,"191":1,"195":3,"199":1,"203":1,"207":2,"211":24,"215":2,"219":7,"223":8,"227":8,"231":8,"235":8,"239":8,"243":20,"247":3,"251":70},"path":"/Users/oscarmac/Desktop/BlockSwan/Platform/contracts/bfp/contracts/GigFactory.sol","s":{"1":3,"2":108,"3":108,"4":108,"5":1,"6":1,"7":1,"8":143,"9":4,"10":3,"11":68,"12":108,"13":108,"14":35,"15":35,"16":33,"17":33,"18":33,"19":1,"20":1,"21":3,"22":2,"23":1,"24":1,"25":1,"26":2,"27":1,"28":2,"29":1,"30":25,"31":25,"32":24,"33":23,"34":23,"35":23,"36":23,"37":23,"38":23,"39":33,"40":34,"41":1,"42":3,"43":1,"44":1,"45":2,"46":24,"47":2,"48":7,"49":8,"50":8,"51":8,"52":8,"53":8,"54":20,"55":3,"56":70},"b":{"1":[2,1],"2":[2,1],"3":[67,1],"4":[33,2],"5":[2,1],"6":[1,1],"7":[1,1],"8":[1,1],"9":[24,1],"10":[23,1]},"f":{"1":3,"2":108,"3":1,"4":1,"5":143,"6":4,"7":3,"8":68,"9":108,"10":35,"11":1,"12":1,"13":3,"14":2,"15":2,"16":25,"17":33,"18":34,"19":1,"20":3,"21":1,"22":1,"23":2,"24":24,"25":2,"26":7,"27":8,"28":8,"29":8,"30":8,"31":8,"32":20,"33":3,"34":70},"fnMap":{"1":{"name":"onlyOwner","line":16,"loc":{"start":{"line":16,"column":1},"end":{"line":19,"column":1}}},"2":{"name":"constructor","line":21,"loc":{"start":{"line":21,"column":1},"end":{"line":25,"column":1}}},"3":{"name":"changeOwnership","line":27,"loc":{"start":{"line":27,"column":1},"end":{"line":29,"column":1}}},"4":{"name":"update","line":31,"loc":{"start":{"line":31,"column":1},"end":{"line":34,"column":1}}},"5":{"name":"implementation","line":36,"loc":{"start":{"line":36,"column":1},"end":{"line":38,"column":1}}},"6":{"name":"owner","line":40,"loc":{"start":{"line":40,"column":1},"end":{"line":42,"column":1}}},"7":{"name":"taxController","line":72,"loc":{"start":{"line":72,"column":1},"end":{"line":75,"column":1}}},"8":{"name":"isGig","line":77,"loc":{"start":{"line":77,"column":1},"end":{"line":80,"column":1}}},"9":{"name":"constructor","line":82,"loc":{"start":{"line":82,"column":1},"end":{"line":85,"column":1}}},"10":{"name":"withdrawJudgeRevenues","line":87,"loc":{"start":{"line":87,"column":1},"end":{"line":93,"column":1}}},"11":{"name":"changeAdminTax","line":98,"loc":{"start":{"line":95,"column":1},"end":{"line":101,"column":1}}},"12":{"name":"changeTrialTax","line":106,"loc":{"start":{"line":103,"column":1},"end":{"line":109,"column":1}}},"13":{"name":"changeRetributionModel","line":115,"loc":{"start":{"line":111,"column":1},"end":{"line":127,"column":1}}},"14":{"name":"changeAutoRefundDelay","line":129,"loc":{"start":{"line":129,"column":1},"end":{"line":132,"column":1}}},"15":{"name":"changeEndTrialDelay","line":134,"loc":{"start":{"line":134,"column":1},"end":{"line":137,"column":1}}},"16":{"name":"createGig","line":139,"loc":{"start":{"line":139,"column":1},"end":{"line":176,"column":1}}},"17":{"name":"emitStatusEvent","line":178,"loc":{"start":{"line":178,"column":1},"end":{"line":180,"column":1}}},"18":{"name":"emitVoteAdded","line":186,"loc":{"start":{"line":182,"column":1},"end":{"line":188,"column":1}}},"19":{"name":"changeUserSoulAddress","line":190,"loc":{"start":{"line":190,"column":1},"end":{"line":192,"column":1}}},"20":{"name":"nbGigs","line":194,"loc":{"start":{"line":194,"column":1},"end":{"line":196,"column":1}}},"21":{"name":"userSoul","line":198,"loc":{"start":{"line":198,"column":1},"end":{"line":200,"column":1}}},"22":{"name":"getImplementation","line":202,"loc":{"start":{"line":202,"column":1},"end":{"line":204,"column":1}}},"23":{"name":"getBeacon","line":206,"loc":{"start":{"line":206,"column":1},"end":{"line":208,"column":1}}},"24":{"name":"getGig","line":210,"loc":{"start":{"line":210,"column":1},"end":{"line":212,"column":1}}},"25":{"name":"adminTax","line":214,"loc":{"start":{"line":214,"column":1},"end":{"line":216,"column":1}}},"26":{"name":"trialTax","line":218,"loc":{"start":{"line":218,"column":1},"end":{"line":220,"column":1}}},"27":{"name":"judgeRetribution","line":222,"loc":{"start":{"line":222,"column":1},"end":{"line":224,"column":1}}},"28":{"name":"affiliateRetribution","line":226,"loc":{"start":{"line":226,"column":1},"end":{"line":228,"column":1}}},"29":{"name":"protocolRetribution","line":230,"loc":{"start":{"line":230,"column":1},"end":{"line":232,"column":1}}},"30":{"name":"firstAffiliateFee","line":234,"loc":{"start":{"line":234,"column":1},"end":{"line":236,"column":1}}},"31":{"name":"secondAffiliateFee","line":238,"loc":{"start":{"line":238,"column":1},"end":{"line":240,"column":1}}},"32":{"name":"endTrialDelay","line":242,"loc":{"start":{"line":242,"column":1},"end":{"line":244,"column":1}}},"33":{"name":"autoRefundDelay","line":246,"loc":{"start":{"line":246,"column":1},"end":{"line":248,"column":1}}},"34":{"name":"isFromGigFactory","line":250,"loc":{"start":{"line":250,"column":1},"end":{"line":252,"column":1}}}},"statementMap":{"1":{"start":{"line":17,"column":2},"end":{"line":17,"column":49}},"2":{"start":{"line":22,"column":2},"end":{"line":22,"column":40}},"3":{"start":{"line":23,"column":2},"end":{"line":23,"column":17}},"4":{"start":{"line":24,"column":2},"end":{"line":24,"column":19}},"5":{"start":{"line":28,"column":2},"end":{"line":28,"column":19}},"6":{"start":{"line":32,"column":2},"end":{"line":32,"column":26}},"7":{"start":{"line":33,"column":2},"end":{"line":33,"column":17}},"8":{"start":{"line":37,"column":2},"end":{"line":37,"column":32}},"9":{"start":{"line":41,"column":2},"end":{"line":41,"column":15}},"10":{"start":{"line":73,"column":2},"end":{"line":73,"column":51}},"11":{"start":{"line":78,"column":2},"end":{"line":78,"column":62}},"12":{"start":{"line":83,"column":2},"end":{"line":83,"column":41}},"13":{"start":{"line":84,"column":2},"end":{"line":84,"column":36}},"14":{"start":{"line":88,"column":2},"end":{"line":88,"column":63}},"15":{"start":{"line":89,"column":2},"end":{"line":89,"column":41}},"16":{"start":{"line":90,"column":2},"end":{"line":90,"column":33}},"17":{"start":{"line":91,"column":2},"end":{"line":91,"column":54}},"18":{"start":{"line":92,"column":2},"end":{"line":92,"column":42}},"19":{"start":{"line":100,"column":2},"end":{"line":100,"column":20}},"20":{"start":{"line":108,"column":2},"end":{"line":108,"column":20}},"21":{"start":{"line":116,"column":2},"end":{"line":116,"column":75}},"22":{"start":{"line":117,"column":2},"end":{"line":117,"column":3070}},"23":{"start":{"line":124,"column":2},"end":{"line":124,"column":41}},"24":{"start":{"line":125,"column":2},"end":{"line":125,"column":49}},"25":{"start":{"line":126,"column":2},"end":{"line":126,"column":47}},"26":{"start":{"line":130,"column":2},"end":{"line":130,"column":70}},"27":{"start":{"line":131,"column":2},"end":{"line":131,"column":32}},"28":{"start":{"line":135,"column":2},"end":{"line":135,"column":69}},"29":{"start":{"line":136,"column":2},"end":{"line":136,"column":30}},"30":{"start":{"line":145,"column":2},"end":{"line":145,"column":39}},"31":{"start":{"line":146,"column":2},"end":{"line":146,"column":3912}},"32":{"start":{"line":151,"column":2},"end":{"line":151,"column":4030}},"33":{"start":{"line":155,"column":2},"end":{"line":155,"column":4131}},"34":{"start":{"line":169,"column":2},"end":{"line":169,"column":32}},"35":{"start":{"line":170,"column":2},"end":{"line":170,"column":30}},"36":{"start":{"line":172,"column":2},"end":{"line":172,"column":67}},"37":{"start":{"line":174,"column":2},"end":{"line":174,"column":54}},"38":{"start":{"line":175,"column":2},"end":{"line":175,"column":23}},"39":{"start":{"line":179,"column":2},"end":{"line":179,"column":41}},"40":{"start":{"line":187,"column":2},"end":{"line":187,"column":44}},"41":{"start":{"line":191,"column":2},"end":{"line":191,"column":36}},"42":{"start":{"line":195,"column":2},"end":{"line":195,"column":16}},"43":{"start":{"line":199,"column":2},"end":{"line":199,"column":27}},"44":{"start":{"line":203,"column":2},"end":{"line":203,"column":32}},"45":{"start":{"line":207,"column":2},"end":{"line":207,"column":24}},"46":{"start":{"line":211,"column":2},"end":{"line":211,"column":18}},"47":{"start":{"line":215,"column":2},"end":{"line":215,"column":18}},"48":{"start":{"line":219,"column":2},"end":{"line":219,"column":18}},"49":{"start":{"line":223,"column":2},"end":{"line":223,"column":26}},"50":{"start":{"line":227,"column":2},"end":{"line":227,"column":30}},"51":{"start":{"line":231,"column":2},"end":{"line":231,"column":29}},"52":{"start":{"line":235,"column":2},"end":{"line":235,"column":27}},"53":{"start":{"line":239,"column":2},"end":{"line":239,"column":28}},"54":{"start":{"line":243,"column":2},"end":{"line":243,"column":23}},"55":{"start":{"line":247,"column":2},"end":{"line":247,"column":25}},"56":{"start":{"line":251,"column":2},"end":{"line":251,"column":25}}},"branchMap":{"1":{"line":17,"type":"if","locations":[{"start":{"line":17,"column":2},"end":{"line":17,"column":2}},{"start":{"line":17,"column":2},"end":{"line":17,"column":2}}]},"2":{"line":73,"type":"if","locations":[{"start":{"line":73,"column":2},"end":{"line":73,"column":2}},{"start":{"line":73,"column":2},"end":{"line":73,"column":2}}]},"3":{"line":78,"type":"if","locations":[{"start":{"line":78,"column":2},"end":{"line":78,"column":2}},{"start":{"line":78,"column":2},"end":{"line":78,"column":2}}]},"4":{"line":89,"type":"if","locations":[{"start":{"line":89,"column":2},"end":{"line":89,"column":2}},{"start":{"line":89,"column":2},"end":{"line":89,"column":2}}]},"5":{"line":116,"type":"if","locations":[{"start":{"line":116,"column":2},"end":{"line":116,"column":2}},{"start":{"line":116,"column":2},"end":{"line":116,"column":2}}]},"6":{"line":117,"type":"if","locations":[{"start":{"line":117,"column":2},"end":{"line":117,"column":2}},{"start":{"line":117,"column":2},"end":{"line":117,"column":2}}]},"7":{"line":130,"type":"if","locations":[{"start":{"line":130,"column":2},"end":{"line":130,"column":2}},{"start":{"line":130,"column":2},"end":{"line":130,"column":2}}]},"8":{"line":135,"type":"if","locations":[{"start":{"line":135,"column":2},"end":{"line":135,"column":2}},{"start":{"line":135,"column":2},"end":{"line":135,"column":2}}]},"9":{"line":146,"type":"if","locations":[{"start":{"line":146,"column":2},"end":{"line":146,"column":2}},{"start":{"line":146,"column":2},"end":{"line":146,"column":2}}]},"10":{"line":151,"type":"if","locations":[{"start":{"line":151,"column":2},"end":{"line":151,"column":2}},{"start":{"line":151,"column":2},"end":{"line":151,"column":2}}]}}},"contracts/GigV1.sol":{"l":{"106":18,"107":17,"110":15,"111":12,"114":46,"115":45,"118":3,"119":2,"122":14,"123":13,"126":23,"127":22,"131":4,"136":3,"148":23,"149":23,"150":23,"151":23,"152":23,"153":23,"154":23,"155":23,"156":23,"157":23,"161":2,"162":1,"163":1,"164":1,"165":1,"169":13,"170":13,"174":2,"175":2,"176":2,"177":2,"178":1,"179":1,"181":1,"184":1,"187":1,"193":1,"194":1,"195":1,"196":1,"198":1,"200":2,"201":2,"202":2,"206":10,"207":10,"208":10,"209":10,"214":10,"215":10,"216":10,"220":35,"228":34,"229":34,"230":8,"232":7,"234":6,"236":6,"238":7,"240":34,"244":8,"245":7,"246":7,"247":7,"248":7,"249":7,"250":7,"251":7,"252":7,"253":7,"254":7,"255":7,"256":7,"257":7,"258":7,"260":7,"261":5,"262":5,"263":5,"264":5,"266":7,"267":3,"268":3,"269":3,"270":3,"272":7,"273":1,"274":1,"275":1,"276":1,"278":7,"279":1,"280":1,"281":1,"282":1,"284":7,"285":7,"286":7,"295":7,"296":7,"297":7,"299":7,"302":7,"304":7,"306":7,"307":33,"314":7,"320":7,"321":7,"322":7,"323":7,"324":7,"325":7,"329":1,"333":1,"337":1,"341":1,"345":1,"349":1,"353":1,"357":1,"361":1,"371":1,"381":1,"385":1,"389":5,"393":41},"path":"/Users/oscarmac/Desktop/BlockSwan/Platform/contracts/bfp/contracts/GigV1.sol","s":{"1":18,"2":15,"3":46,"4":3,"5":14,"6":23,"7":4,"8":23,"9":23,"10":23,"11":23,"12":23,"13":23,"14":23,"15":23,"16":23,"17":23,"18":2,"19":1,"20":1,"21":1,"22":1,"23":13,"24":13,"25":2,"26":2,"27":2,"28":2,"29":1,"30":1,"31":1,"32":1,"33":1,"34":1,"35":1,"36":1,"37":1,"38":1,"39":2,"40":2,"41":2,"42":10,"43":10,"44":10,"45":10,"46":10,"47":10,"48":10,"49":35,"50":34,"51":34,"52":8,"53":26,"54":7,"55":19,"56":6,"57":13,"58":6,"59":7,"60":34,"61":8,"62":7,"63":7,"64":7,"65":7,"66":7,"67":7,"68":7,"69":7,"70":7,"71":7,"72":7,"73":7,"74":7,"75":7,"76":7,"77":5,"78":5,"79":5,"80":5,"81":7,"82":3,"83":3,"84":3,"85":3,"86":7,"87":1,"88":1,"89":1,"90":1,"91":7,"92":1,"93":1,"94":1,"95":1,"96":7,"97":7,"98":7,"99":7,"100":7,"101":7,"102":7,"103":7,"104":7,"105":7,"106":33,"107":7,"108":7,"109":7,"110":7,"111":7,"112":7,"113":7,"114":1,"115":1,"116":1,"117":1,"118":1,"119":1,"120":1,"121":1,"122":1,"123":1,"124":1,"125":1,"126":5,"127":41},"b":{"1":[17,1],"2":[12,3],"3":[45,1],"4":[2,1],"5":[13,1],"6":[22,1],"7":[3,1],"8":[1,1],"9":[1,1],"10":[34,1],"11":[8,26],"12":[7,19],"13":[6,13],"14":[6,7],"15":[7,1],"16":[5,2],"17":[3,4],"18":[1,6],"19":[1,6]},"f":{"1":18,"2":15,"3":46,"4":3,"5":14,"6":23,"7":4,"8":23,"9":2,"10":13,"11":2,"12":10,"13":35,"14":8,"15":7,"16":1,"17":1,"18":1,"19":1,"20":1,"21":1,"22":1,"23":1,"24":1,"25":1,"26":1,"27":1,"28":5,"29":41},"fnMap":{"1":{"name":"unconfirmed","line":105,"loc":{"start":{"line":105,"column":1},"end":{"line":108,"column":1}}},"2":{"name":"confirmed","line":109,"loc":{"start":{"line":109,"column":1},"end":{"line":112,"column":1}}},"3":{"name":"trial","line":113,"loc":{"start":{"line":113,"column":1},"end":{"line":116,"column":1}}},"4":{"name":"isBuyer","line":117,"loc":{"start":{"line":117,"column":1},"end":{"line":120,"column":1}}},"5":{"name":"isSeller","line":121,"loc":{"start":{"line":121,"column":1},"end":{"line":124,"column":1}}},"6":{"name":"isActor","line":125,"loc":{"start":{"line":125,"column":1},"end":{"line":128,"column":1}}},"7":{"name":"isAuthorized","line":130,"loc":{"start":{"line":130,"column":1},"end":{"line":137,"column":1}}},"8":{"name":"initialize","line":147,"loc":{"start":{"line":139,"column":1},"end":{"line":158,"column":1}}},"9":{"name":"autoRefund","line":160,"loc":{"start":{"line":160,"column":1},"end":{"line":166,"column":1}}},"10":{"name":"acceptOrder","line":168,"loc":{"start":{"line":168,"column":1},"end":{"line":171,"column":1}}},"11":{"name":"sendAll","line":173,"loc":{"start":{"line":173,"column":1},"end":{"line":203,"column":1}}},"12":{"name":"callTrial","line":205,"loc":{"start":{"line":205,"column":1},"end":{"line":217,"column":1}}},"13":{"name":"vote","line":219,"loc":{"start":{"line":219,"column":1},"end":{"line":241,"column":1}}},"14":{"name":"endTrial","line":243,"loc":{"start":{"line":243,"column":1},"end":{"line":287,"column":1}}},"15":{"name":"_transferTrial","line":289,"loc":{"start":{"line":289,"column":1},"end":{"line":326,"column":1}}},"16":{"name":"paymentToken","line":328,"loc":{"start":{"line":328,"column":1},"end":{"line":330,"column":1}}},"17":{"name":"gigFactory","line":332,"loc":{"start":{"line":332,"column":1},"end":{"line":334,"column":1}}},"18":{"name":"userSoul","line":336,"loc":{"start":{"line":336,"column":1},"end":{"line":338,"column":1}}},"19":{"name":"gigIndex","line":340,"loc":{"start":{"line":340,"column":1},"end":{"line":342,"column":1}}},"20":{"name":"buyer","line":344,"loc":{"start":{"line":344,"column":1},"end":{"line":346,"column":1}}},"21":{"name":"seller","line":348,"loc":{"start":{"line":348,"column":1},"end":{"line":350,"column":1}}},"22":{"name":"price","line":352,"loc":{"start":{"line":352,"column":1},"end":{"line":354,"column":1}}},"23":{"name":"timestamp","line":356,"loc":{"start":{"line":356,"column":1},"end":{"line":358,"column":1}}},"24":{"name":"metadata","line":360,"loc":{"start":{"line":360,"column":1},"end":{"line":362,"column":1}}},"25":{"name":"readTrialMetadata","line":368,"loc":{"start":{"line":364,"column":1},"end":{"line":372,"column":1}}},"26":{"name":"readTrialLogs","line":378,"loc":{"start":{"line":374,"column":1},"end":{"line":382,"column":1}}},"27":{"name":"logs","line":384,"loc":{"start":{"line":384,"column":1},"end":{"line":386,"column":1}}},"28":{"name":"state","line":388,"loc":{"start":{"line":388,"column":1},"end":{"line":390,"column":1}}},"29":{"name":"_transfer","line":392,"loc":{"start":{"line":392,"column":1},"end":{"line":394,"column":1}}}},"statementMap":{"1":{"start":{"line":106,"column":2},"end":{"line":106,"column":44}},"2":{"start":{"line":110,"column":2},"end":{"line":110,"column":42}},"3":{"start":{"line":114,"column":2},"end":{"line":114,"column":38}},"4":{"start":{"line":118,"column":2},"end":{"line":118,"column":30}},"5":{"start":{"line":122,"column":2},"end":{"line":122,"column":31}},"6":{"start":{"line":126,"column":2},"end":{"line":126,"column":55}},"7":{"start":{"line":131,"column":2},"end":{"line":131,"column":3025}},"8":{"start":{"line":148,"column":2},"end":{"line":148,"column":38}},"9":{"start":{"line":149,"column":2},"end":{"line":149,"column":41}},"10":{"start":{"line":150,"column":2},"end":{"line":150,"column":36}},"11":{"start":{"line":151,"column":2},"end":{"line":151,"column":19}},"12":{"start":{"line":152,"column":2},"end":{"line":152,"column":21}},"13":{"start":{"line":153,"column":2},"end":{"line":153,"column":19}},"14":{"start":{"line":154,"column":2},"end":{"line":154,"column":25}},"15":{"start":{"line":155,"column":2},"end":{"line":155,"column":29}},"16":{"start":{"line":156,"column":2},"end":{"line":156,"column":34}},"17":{"start":{"line":157,"column":2},"end":{"line":157,"column":22}},"18":{"start":{"line":161,"column":2},"end":{"line":161,"column":71}},"19":{"start":{"line":162,"column":2},"end":{"line":162,"column":58}},"20":{"start":{"line":163,"column":2},"end":{"line":163,"column":31}},"21":{"start":{"line":164,"column":2},"end":{"line":164,"column":27}},"22":{"start":{"line":165,"column":2},"end":{"line":165,"column":46}},"23":{"start":{"line":169,"column":2},"end":{"line":169,"column":32}},"24":{"start":{"line":170,"column":2},"end":{"line":170,"column":46}},"25":{"start":{"line":174,"column":2},"end":{"line":174,"column":58}},"26":{"start":{"line":175,"column":2},"end":{"line":175,"column":67}},"27":{"start":{"line":176,"column":2},"end":{"line":176,"column":66}},"28":{"start":{"line":177,"column":2},"end":{"line":177,"column":4372}},"29":{"start":{"line":178,"column":3},"end":{"line":178,"column":54}},"30":{"start":{"line":179,"column":3},"end":{"line":179,"column":4489}},"31":{"start":{"line":181,"column":3},"end":{"line":181,"column":4579}},"32":{"start":{"line":184,"column":3},"end":{"line":184,"column":4633}},"33":{"start":{"line":187,"column":3},"end":{"line":187,"column":4713}},"34":{"start":{"line":193,"column":3},"end":{"line":193,"column":41}},"35":{"start":{"line":194,"column":3},"end":{"line":194,"column":50}},"36":{"start":{"line":195,"column":3},"end":{"line":195,"column":50}},"37":{"start":{"line":196,"column":3},"end":{"line":196,"column":48}},"38":{"start":{"line":198,"column":3},"end":{"line":198,"column":38}},"39":{"start":{"line":200,"column":2},"end":{"line":200,"column":58}},"40":{"start":{"line":201,"column":2},"end":{"line":201,"column":27}},"41":{"start":{"line":202,"column":2},"end":{"line":202,"column":46}},"42":{"start":{"line":206,"column":2},"end":{"line":206,"column":17}},"43":{"start":{"line":207,"column":2},"end":{"line":207,"column":28}},"44":{"start":{"line":208,"column":2},"end":{"line":208,"column":59}},"45":{"start":{"line":209,"column":2},"end":{"line":209,"column":5417}},"46":{"start":{"line":214,"column":2},"end":{"line":214,"column":46}},"47":{"start":{"line":215,"column":2},"end":{"line":215,"column":35}},"48":{"start":{"line":216,"column":2},"end":{"line":216,"column":37}},"49":{"start":{"line":220,"column":2},"end":{"line":220,"column":5697}},"50":{"start":{"line":228,"column":2},"end":{"line":228,"column":28}},"51":{"start":{"line":229,"column":2},"end":{"line":229,"column":5917}},"52":{"start":{"line":230,"column":3},"end":{"line":230,"column":26}},"53":{"start":{"line":231,"column":9},"end":{"line":231,"column":5973}},"54":{"start":{"line":232,"column":3},"end":{"line":232,"column":26}},"55":{"start":{"line":233,"column":9},"end":{"line":233,"column":6029}},"56":{"start":{"line":234,"column":3},"end":{"line":234,"column":26}},"57":{"start":{"line":235,"column":9},"end":{"line":235,"column":6085}},"58":{"start":{"line":236,"column":3},"end":{"line":236,"column":26}},"59":{"start":{"line":238,"column":3},"end":{"line":238,"column":26}},"60":{"start":{"line":240,"column":2},"end":{"line":240,"column":60}},"61":{"start":{"line":244,"column":2},"end":{"line":244,"column":39}},"62":{"start":{"line":245,"column":2},"end":{"line":245,"column":35}},"63":{"start":{"line":246,"column":2},"end":{"line":246,"column":35}},"64":{"start":{"line":247,"column":2},"end":{"line":247,"column":35}},"65":{"start":{"line":248,"column":2},"end":{"line":248,"column":35}},"66":{"start":{"line":249,"column":2},"end":{"line":249,"column":35}},"67":{"start":{"line":250,"column":2},"end":{"line":250,"column":34}},"68":{"start":{"line":251,"column":2},"end":{"line":251,"column":34}},"69":{"start":{"line":252,"column":2},"end":{"line":252,"column":34}},"70":{"start":{"line":253,"column":2},"end":{"line":253,"column":34}},"71":{"start":{"line":254,"column":2},"end":{"line":254,"column":34}},"72":{"start":{"line":255,"column":2},"end":{"line":255,"column":29}},"73":{"start":{"line":256,"column":2},"end":{"line":256,"column":36}},"74":{"start":{"line":257,"column":2},"end":{"line":257,"column":21}},"75":{"start":{"line":258,"column":2},"end":{"line":258,"column":28}},"76":{"start":{"line":260,"column":2},"end":{"line":260,"column":6821}},"77":{"start":{"line":261,"column":3},"end":{"line":261,"column":21}},"78":{"start":{"line":262,"column":3},"end":{"line":262,"column":19}},"79":{"start":{"line":263,"column":3},"end":{"line":263,"column":20}},"80":{"start":{"line":264,"column":3},"end":{"line":264,"column":21}},"81":{"start":{"line":266,"column":2},"end":{"line":266,"column":6948}},"82":{"start":{"line":267,"column":3},"end":{"line":267,"column":21}},"83":{"start":{"line":268,"column":3},"end":{"line":268,"column":20}},"84":{"start":{"line":269,"column":3},"end":{"line":269,"column":21}},"85":{"start":{"line":270,"column":3},"end":{"line":270,"column":19}},"86":{"start":{"line":272,"column":2},"end":{"line":272,"column":7075}},"87":{"start":{"line":273,"column":3},"end":{"line":273,"column":21}},"88":{"start":{"line":274,"column":3},"end":{"line":274,"column":20}},"89":{"start":{"line":275,"column":3},"end":{"line":275,"column":21}},"90":{"start":{"line":276,"column":3},"end":{"line":276,"column":19}},"91":{"start":{"line":278,"column":2},"end":{"line":278,"column":7201}},"92":{"start":{"line":279,"column":3},"end":{"line":279,"column":21}},"93":{"start":{"line":280,"column":3},"end":{"line":280,"column":21}},"94":{"start":{"line":281,"column":3},"end":{"line":281,"column":20}},"95":{"start":{"line":282,"column":3},"end":{"line":282,"column":19}},"96":{"start":{"line":284,"column":2},"end":{"line":284,"column":27}},"97":{"start":{"line":285,"column":2},"end":{"line":285,"column":46}},"98":{"start":{"line":286,"column":2},"end":{"line":286,"column":66}},"99":{"start":{"line":295,"column":2},"end":{"line":295,"column":67}},"100":{"start":{"line":296,"column":2},"end":{"line":296,"column":71}},"101":{"start":{"line":297,"column":2},"end":{"line":297,"column":7760}},"102":{"start":{"line":299,"column":2},"end":{"line":299,"column":7885}},"103":{"start":{"line":302,"column":2},"end":{"line":302,"column":76}},"104":{"start":{"line":304,"column":2},"end":{"line":304,"column":55}},"105":{"start":{"line":306,"column":2},"end":{"line":306,"column":8070}},"106":{"start":{"line":307,"column":3},"end":{"line":307,"column":8116}},"107":{"start":{"line":314,"column":2},"end":{"line":314,"column":8229}},"108":{"start":{"line":320,"column":2},"end":{"line":320,"column":40}},"109":{"start":{"line":321,"column":2},"end":{"line":321,"column":49}},"110":{"start":{"line":322,"column":2},"end":{"line":322,"column":49}},"111":{"start":{"line":323,"column":2},"end":{"line":323,"column":47}},"112":{"start":{"line":324,"column":2},"end":{"line":324,"column":58}},"113":{"start":{"line":325,"column":2},"end":{"line":325,"column":60}},"114":{"start":{"line":329,"column":2},"end":{"line":329,"column":22}},"115":{"start":{"line":333,"column":2},"end":{"line":333,"column":20}},"116":{"start":{"line":337,"column":2},"end":{"line":337,"column":18}},"117":{"start":{"line":341,"column":2},"end":{"line":341,"column":18}},"118":{"start":{"line":345,"column":2},"end":{"line":345,"column":15}},"119":{"start":{"line":349,"column":2},"end":{"line":349,"column":16}},"120":{"start":{"line":353,"column":2},"end":{"line":353,"column":15}},"121":{"start":{"line":357,"column":2},"end":{"line":357,"column":19}},"122":{"start":{"line":361,"column":2},"end":{"line":361,"column":18}},"123":{"start":{"line":371,"column":2},"end":{"line":371,"column":18}},"124":{"start":{"line":381,"column":2},"end":{"line":381,"column":14}},"125":{"start":{"line":385,"column":2},"end":{"line":385,"column":14}},"126":{"start":{"line":389,"column":2},"end":{"line":389,"column":19}},"127":{"start":{"line":393,"column":2},"end":{"line":393,"column":41}}},"branchMap":{"1":{"line":106,"type":"if","locations":[{"start":{"line":106,"column":2},"end":{"line":106,"column":2}},{"start":{"line":106,"column":2},"end":{"line":106,"column":2}}]},"2":{"line":110,"type":"if","locations":[{"start":{"line":110,"column":2},"end":{"line":110,"column":2}},{"start":{"line":110,"column":2},"end":{"line":110,"column":2}}]},"3":{"line":114,"type":"if","locations":[{"start":{"line":114,"column":2},"end":{"line":114,"column":2}},{"start":{"line":114,"column":2},"end":{"line":114,"column":2}}]},"4":{"line":118,"type":"if","locations":[{"start":{"line":118,"column":2},"end":{"line":118,"column":2}},{"start":{"line":118,"column":2},"end":{"line":118,"column":2}}]},"5":{"line":122,"type":"if","locations":[{"start":{"line":122,"column":2},"end":{"line":122,"column":2}},{"start":{"line":122,"column":2},"end":{"line":122,"column":2}}]},"6":{"line":126,"type":"if","locations":[{"start":{"line":126,"column":2},"end":{"line":126,"column":2}},{"start":{"line":126,"column":2},"end":{"line":126,"column":2}}]},"7":{"line":131,"type":"if","locations":[{"start":{"line":131,"column":2},"end":{"line":131,"column":2}},{"start":{"line":131,"column":2},"end":{"line":131,"column":2}}]},"8":{"line":161,"type":"if","locations":[{"start":{"line":161,"column":2},"end":{"line":161,"column":2}},{"start":{"line":161,"column":2},"end":{"line":161,"column":2}}]},"9":{"line":177,"type":"if","locations":[{"start":{"line":177,"column":2},"end":{"line":177,"column":2}},{"start":{"line":177,"column":2},"end":{"line":177,"column":2}}]},"10":{"line":220,"type":"if","locations":[{"start":{"line":220,"column":2},"end":{"line":220,"column":2}},{"start":{"line":220,"column":2},"end":{"line":220,"column":2}}]},"11":{"line":229,"type":"if","locations":[{"start":{"line":229,"column":2},"end":{"line":229,"column":2}},{"start":{"line":229,"column":2},"end":{"line":229,"column":2}}]},"12":{"line":231,"type":"if","locations":[{"start":{"line":231,"column":9},"end":{"line":231,"column":9}},{"start":{"line":231,"column":9},"end":{"line":231,"column":9}}]},"13":{"line":233,"type":"if","locations":[{"start":{"line":233,"column":9},"end":{"line":233,"column":9}},{"start":{"line":233,"column":9},"end":{"line":233,"column":9}}]},"14":{"line":235,"type":"if","locations":[{"start":{"line":235,"column":9},"end":{"line":235,"column":9}},{"start":{"line":235,"column":9},"end":{"line":235,"column":9}}]},"15":{"line":244,"type":"if","locations":[{"start":{"line":244,"column":2},"end":{"line":244,"column":2}},{"start":{"line":244,"column":2},"end":{"line":244,"column":2}}]},"16":{"line":260,"type":"if","locations":[{"start":{"line":260,"column":2},"end":{"line":260,"column":2}},{"start":{"line":260,"column":2},"end":{"line":260,"column":2}}]},"17":{"line":266,"type":"if","locations":[{"start":{"line":266,"column":2},"end":{"line":266,"column":2}},{"start":{"line":266,"column":2},"end":{"line":266,"column":2}}]},"18":{"line":272,"type":"if","locations":[{"start":{"line":272,"column":2},"end":{"line":272,"column":2}},{"start":{"line":272,"column":2},"end":{"line":272,"column":2}}]},"19":{"line":278,"type":"if","locations":[{"start":{"line":278,"column":2},"end":{"line":278,"column":2}},{"start":{"line":278,"column":2},"end":{"line":278,"column":2}}]}}},"contracts/UserSoul.sol":{"l":{"58":177,"62":35,"63":34,"67":71,"68":70,"72":37,"76":2,"77":2,"78":1,"79":1,"80":1,"81":1,"85":72,"86":70,"87":70,"88":70,"89":70,"90":70,"91":70,"92":70,"96":3,"97":2,"98":2,"102":116,"103":116,"104":116,"108":4,"109":4,"110":4,"118":33,"125":34,"129":8,"130":8,"134":11,"135":11,"139":10,"140":10,"149":8,"150":8,"152":8,"153":7,"154":7,"156":8,"157":8,"159":8,"160":7,"161":7,"163":8,"164":8,"167":8,"168":8,"169":8,"170":8,"171":8,"182":2,"183":1,"198":1,"209":80,"210":75,"212":5,"217":42,"221":86,"225":83,"229":83,"237":40,"245":2,"249":23,"253":2,"257":1,"261":68,"265":156},"path":"/Users/oscarmac/Desktop/BlockSwan/Platform/contracts/bfp/contracts/UserSoul.sol","s":{"1":177,"2":35,"3":71,"4":37,"5":2,"6":2,"7":1,"8":1,"9":1,"10":1,"11":72,"12":70,"13":70,"14":70,"15":70,"16":70,"17":70,"18":70,"19":3,"20":2,"21":116,"22":116,"23":116,"24":4,"25":4,"26":4,"27":33,"28":34,"29":8,"30":8,"31":11,"32":11,"33":10,"34":10,"35":8,"36":8,"37":8,"38":7,"39":7,"40":8,"41":8,"42":8,"43":7,"44":7,"45":8,"46":8,"47":8,"48":8,"49":8,"50":8,"51":8,"52":2,"53":1,"54":1,"55":80,"56":75,"57":5,"58":42,"59":86,"60":83,"61":83,"62":40,"63":2,"64":23,"65":2,"66":1,"67":68,"68":156},"b":{"1":[34,1],"2":[70,1],"3":[1,1],"4":[70,2],"5":[2,1],"6":[7,1],"7":[7,1],"8":[1,1],"9":[75,5]},"f":{"1":177,"2":35,"3":71,"4":37,"5":2,"6":72,"7":3,"8":116,"9":4,"10":33,"11":34,"12":8,"13":11,"14":10,"15":8,"16":2,"17":1,"18":80,"19":42,"20":86,"21":83,"22":83,"23":40,"24":2,"25":23,"26":2,"27":1,"28":68,"29":156},"fnMap":{"1":{"name":"constructor","line":57,"loc":{"start":{"line":57,"column":1},"end":{"line":59,"column":1}}},"2":{"name":"fromFactory","line":61,"loc":{"start":{"line":61,"column":1},"end":{"line":64,"column":1}}},"3":{"name":"fromGig","line":66,"loc":{"start":{"line":66,"column":1},"end":{"line":69,"column":1}}},"4":{"name":"changeGigFactory","line":71,"loc":{"start":{"line":71,"column":1},"end":{"line":73,"column":1}}},"5":{"name":"withdrawInviterRevenues","line":75,"loc":{"start":{"line":75,"column":1},"end":{"line":82,"column":1}}},"6":{"name":"mint","line":84,"loc":{"start":{"line":84,"column":1},"end":{"line":93,"column":1}}},"7":{"name":"burn","line":95,"loc":{"start":{"line":95,"column":1},"end":{"line":99,"column":1}}},"8":{"name":"setJudge","line":101,"loc":{"start":{"line":101,"column":1},"end":{"line":105,"column":1}}},"9":{"name":"setBan","line":107,"loc":{"start":{"line":107,"column":1},"end":{"line":111,"column":1}}},"10":{"name":"incrValidVotes","line":117,"loc":{"start":{"line":113,"column":1},"end":{"line":119,"column":1}}},"11":{"name":"decreaseUserJudgeWeight","line":123,"loc":{"start":{"line":121,"column":1},"end":{"line":126,"column":1}}},"12":{"name":"onGigSuccess","line":128,"loc":{"start":{"line":128,"column":1},"end":{"line":131,"column":1}}},"13":{"name":"onGigFail","line":133,"loc":{"start":{"line":133,"column":1},"end":{"line":136,"column":1}}},"14":{"name":"onTrial","line":138,"loc":{"start":{"line":138,"column":1},"end":{"line":141,"column":1}}},"15":{"name":"increaseInvitersBalance","line":148,"loc":{"start":{"line":143,"column":1},"end":{"line":179,"column":1}}},"16":{"name":"changeIdentity","line":181,"loc":{"start":{"line":181,"column":1},"end":{"line":184,"column":1}}},"17":{"name":"getUser","line":186,"loc":{"start":{"line":186,"column":1},"end":{"line":206,"column":1}}},"18":{"name":"hasSoul","line":208,"loc":{"start":{"line":208,"column":1},"end":{"line":214,"column":1}}},"19":{"name":"isJudge","line":216,"loc":{"start":{"line":216,"column":1},"end":{"line":218,"column":1}}},"20":{"name":"isBan","line":220,"loc":{"start":{"line":220,"column":1},"end":{"line":222,"column":1}}},"21":{"name":"getFirstInviter","line":224,"loc":{"start":{"line":224,"column":1},"end":{"line":226,"column":1}}},"22":{"name":"getSecondInviter","line":228,"loc":{"start":{"line":228,"column":1},"end":{"line":230,"column":1}}},"23":{"name":"getUserWeight","line":232,"loc":{"start":{"line":232,"column":1},"end":{"line":238,"column":1}}},"24":{"name":"getInviterBalance","line":240,"loc":{"start":{"line":240,"column":1},"end":{"line":246,"column":1}}},"25":{"name":"gigFactory","line":248,"loc":{"start":{"line":248,"column":1},"end":{"line":250,"column":1}}},"26":{"name":"balanceWeight","line":252,"loc":{"start":{"line":252,"column":1},"end":{"line":254,"column":1}}},"27":{"name":"totalValidVotes","line":256,"loc":{"start":{"line":256,"column":1},"end":{"line":258,"column":1}}},"28":{"name":"getUserIdentity","line":260,"loc":{"start":{"line":260,"column":1},"end":{"line":262,"column":1}}},"29":{"name":"isZeroAddress","line":264,"loc":{"start":{"line":264,"column":1},"end":{"line":266,"column":1}}}},"statementMap":{"1":{"start":{"line":58,"column":2},"end":{"line":58,"column":42}},"2":{"start":{"line":62,"column":2},"end":{"line":62,"column":44}},"3":{"start":{"line":67,"column":2},"end":{"line":67,"column":50}},"4":{"start":{"line":72,"column":2},"end":{"line":72,"column":37}},"5":{"start":{"line":76,"column":2},"end":{"line":76,"column":60}},"6":{"start":{"line":77,"column":2},"end":{"line":77,"column":21}},"7":{"start":{"line":78,"column":2},"end":{"line":78,"column":45}},"8":{"start":{"line":79,"column":2},"end":{"line":79,"column":39}},"9":{"start":{"line":80,"column":2},"end":{"line":80,"column":48}},"10":{"start":{"line":81,"column":2},"end":{"line":81,"column":53}},"11":{"start":{"line":85,"column":2},"end":{"line":85,"column":56}},"12":{"start":{"line":86,"column":2},"end":{"line":86,"column":56}},"13":{"start":{"line":87,"column":2},"end":{"line":87,"column":54}},"14":{"start":{"line":88,"column":2},"end":{"line":88,"column":74}},"15":{"start":{"line":89,"column":2},"end":{"line":89,"column":39}},"16":{"start":{"line":90,"column":2},"end":{"line":90,"column":41}},"17":{"start":{"line":91,"column":2},"end":{"line":91,"column":47}},"18":{"start":{"line":92,"column":2},"end":{"line":92,"column":49}},"19":{"start":{"line":96,"column":2},"end":{"line":96,"column":29}},"20":{"start":{"line":98,"column":2},"end":{"line":98,"column":23}},"21":{"start":{"line":102,"column":2},"end":{"line":102,"column":41}},"22":{"start":{"line":103,"column":2},"end":{"line":103,"column":36}},"23":{"start":{"line":104,"column":2},"end":{"line":104,"column":33}},"24":{"start":{"line":108,"column":2},"end":{"line":108,"column":37}},"25":{"start":{"line":109,"column":2},"end":{"line":109,"column":32}},"26":{"start":{"line":110,"column":2},"end":{"line":110,"column":29}},"27":{"start":{"line":118,"column":2},"end":{"line":118,"column":44}},"28":{"start":{"line":125,"column":2},"end":{"line":125,"column":37}},"29":{"start":{"line":129,"column":2},"end":{"line":129,"column":30}},"30":{"start":{"line":130,"column":2},"end":{"line":130,"column":32}},"31":{"start":{"line":134,"column":2},"end":{"line":134,"column":27}},"32":{"start":{"line":135,"column":2},"end":{"line":135,"column":29}},"33":{"start":{"line":139,"column":2},"end":{"line":139,"column":27}},"34":{"start":{"line":140,"column":2},"end":{"line":140,"column":28}},"35":{"start":{"line":149,"column":2},"end":{"line":149,"column":54}},"36":{"start":{"line":150,"column":2},"end":{"line":150,"column":56}},"37":{"start":{"line":152,"column":2},"end":{"line":152,"column":4153}},"38":{"start":{"line":153,"column":3},"end":{"line":153,"column":30}},"39":{"start":{"line":154,"column":3},"end":{"line":154,"column":31}},"40":{"start":{"line":156,"column":2},"end":{"line":156,"column":56}},"41":{"start":{"line":157,"column":2},"end":{"line":157,"column":58}},"42":{"start":{"line":159,"column":2},"end":{"line":159,"column":4386}},"43":{"start":{"line":160,"column":3},"end":{"line":160,"column":31}},"44":{"start":{"line":161,"column":3},"end":{"line":161,"column":32}},"45":{"start":{"line":163,"column":2},"end":{"line":163,"column":77}},"46":{"start":{"line":164,"column":2},"end":{"line":164,"column":4584}},"47":{"start":{"line":167,"column":2},"end":{"line":167,"column":64}},"48":{"start":{"line":168,"column":2},"end":{"line":168,"column":66}},"49":{"start":{"line":169,"column":2},"end":{"line":169,"column":65}},"50":{"start":{"line":170,"column":2},"end":{"line":170,"column":67}},"51":{"start":{"line":171,"column":2},"end":{"line":171,"column":4944}},"52":{"start":{"line":182,"column":2},"end":{"line":182,"column":29}},"53":{"start":{"line":183,"column":2},"end":{"line":183,"column":42}},"54":{"start":{"line":198,"column":2},"end":{"line":198,"column":5374}},"55":{"start":{"line":209,"column":2},"end":{"line":209,"column":5615}},"56":{"start":{"line":210,"column":3},"end":{"line":210,"column":15}},"57":{"start":{"line":212,"column":3},"end":{"line":212,"column":14}},"58":{"start":{"line":217,"column":2},"end":{"line":217,"column":31}},"59":{"start":{"line":221,"column":2},"end":{"line":221,"column":29}},"60":{"start":{"line":225,"column":2},"end":{"line":225,"column":35}},"61":{"start":{"line":229,"column":2},"end":{"line":229,"column":35}},"62":{"start":{"line":237,"column":2},"end":{"line":237,"column":43}},"63":{"start":{"line":245,"column":2},"end":{"line":245,"column":46}},"64":{"start":{"line":249,"column":2},"end":{"line":249,"column":29}},"65":{"start":{"line":253,"column":2},"end":{"line":253,"column":23}},"66":{"start":{"line":257,"column":2},"end":{"line":257,"column":25}},"67":{"start":{"line":261,"column":2},"end":{"line":261,"column":30}},"68":{"start":{"line":265,"column":2},"end":{"line":265,"column":70}}},"branchMap":{"1":{"line":62,"type":"if","locations":[{"start":{"line":62,"column":2},"end":{"line":62,"column":2}},{"start":{"line":62,"column":2},"end":{"line":62,"column":2}}]},"2":{"line":67,"type":"if","locations":[{"start":{"line":67,"column":2},"end":{"line":67,"column":2}},{"start":{"line":67,"column":2},"end":{"line":67,"column":2}}]},"3":{"line":77,"type":"if","locations":[{"start":{"line":77,"column":2},"end":{"line":77,"column":2}},{"start":{"line":77,"column":2},"end":{"line":77,"column":2}}]},"4":{"line":85,"type":"if","locations":[{"start":{"line":85,"column":2},"end":{"line":85,"column":2}},{"start":{"line":85,"column":2},"end":{"line":85,"column":2}}]},"5":{"line":96,"type":"if","locations":[{"start":{"line":96,"column":2},"end":{"line":96,"column":2}},{"start":{"line":96,"column":2},"end":{"line":96,"column":2}}]},"6":{"line":152,"type":"if","locations":[{"start":{"line":152,"column":2},"end":{"line":152,"column":2}},{"start":{"line":152,"column":2},"end":{"line":152,"column":2}}]},"7":{"line":159,"type":"if","locations":[{"start":{"line":159,"column":2},"end":{"line":159,"column":2}},{"start":{"line":159,"column":2},"end":{"line":159,"column":2}}]},"8":{"line":182,"type":"if","locations":[{"start":{"line":182,"column":2},"end":{"line":182,"column":2}},{"start":{"line":182,"column":2},"end":{"line":182,"column":2}}]},"9":{"line":209,"type":"if","locations":[{"start":{"line":209,"column":2},"end":{"line":209,"column":2}},{"start":{"line":209,"column":2},"end":{"line":209,"column":2}}]}}}}