{
"contracts/FakeUSDC.sol":{"l":{"14":1,"18":25,"22":24,"23":24},"path":"/Users/oscarmac/Desktop/BlockSwan/contracts/family-core-v1/contracts/FakeUSDC.sol","s":{"1":1,"2":25,"3":24,"4":24},"b":{"1":[24,1]},"f":{"1":180,"2":1,"3":25},"fnMap":{"1":{"name":"constructor","line":8,"loc":{"start":{"line":8,"column":1},"end":{"line":8,"column":43}}},"2":{"name":"updateMintAmount","line":13,"loc":{"start":{"line":13,"column":1},"end":{"line":15,"column":1}}},"3":{"name":"mint","line":17,"loc":{"start":{"line":17,"column":1},"end":{"line":24,"column":1}}}},"statementMap":{"1":{"start":{"line":14,"column":2},"end":{"line":14,"column":23}},"2":{"start":{"line":18,"column":2},"end":{"line":18,"column":451}},"3":{"start":{"line":22,"column":2},"end":{"line":22,"column":51}},"4":{"start":{"line":23,"column":2},"end":{"line":23,"column":32}}},"branchMap":{"1":{"line":18,"type":"if","locations":[{"start":{"line":18,"column":2},"end":{"line":18,"column":2}},{"start":{"line":18,"column":2},"end":{"line":18,"column":2}}]}}},
"contracts/GigFactory.sol":{"l":{"17":3,"18":2,"22":108,"23":108,"24":108,"28":1,"32":1,"33":1,"37":143,"41":4,"73":3,"74":2,"78":68,"79":67,"83":108,"84":108,"88":35,"89":35,"90":32,"91":32,"92":32,"100":1,"108":1,"116":3,"117":2,"124":1,"125":1,"126":1,"130":2,"131":1,"135":2,"136":1,"145":25,"146":25,"151":24,"155":23,"169":23,"170":23,"171":23,"172":23,"174":23,"175":23,"179":33,"187":34,"191":1,"195":3,"199":1,"203":1,"207":2,"211":24,"215":2,"219":7,"223":8,"227":8,"231":8,"235":8,"239":8,"243":10,"247":3,"251":69},"path":"/Users/oscarmac/Desktop/BlockSwan/contracts/family-core-v1/contracts/GigFactory.sol","s":{"1":3,"2":108,"3":108,"4":108,"5":1,"6":1,"7":1,"8":143,"9":4,"10":3,"11":68,"12":108,"13":108,"14":35,"15":35,"16":32,"17":32,"18":32,"19":1,"20":1,"21":3,"22":2,"23":1,"24":1,"25":1,"26":2,"27":1,"28":2,"29":1,"30":25,"31":25,"32":24,"33":23,"34":23,"35":23,"36":23,"37":23,"38":23,"39":33,"40":34,"41":1,"42":3,"43":1,"44":1,"45":2,"46":24,"47":2,"48":7,"49":8,"50":8,"51":8,"52":8,"53":8,"54":10,"55":3,"56":69},"b":{"1":[2,1],"2":[2,1],"3":[67,1],"4":[32,3],"5":[2,1],"6":[1,1],"7":[1,1],"8":[1,1],"9":[24,1],"10":[23,1]},"f":{"1":3,"2":108,"3":1,"4":1,"5":143,"6":4,"7":3,"8":68,"9":108,"10":35,"11":1,"12":1,"13":3,"14":2,"15":2,"16":25,"17":33,"18":34,"19":1,"20":3,"21":1,"22":1,"23":2,"24":24,"25":2,"26":7,"27":8,"28":8,"29":8,"30":8,"31":8,"32":10,"33":3,"34":69},"fnMap":{"1":{"name":"onlyOwner","line":16,"loc":{"start":{"line":16,"column":1},"end":{"line":19,"column":1}}},"2":{"name":"constructor","line":21,"loc":{"start":{"line":21,"column":1},"end":{"line":25,"column":1}}},"3":{"name":"changeOwnership","line":27,"loc":{"start":{"line":27,"column":1},"end":{"line":29,"column":1}}},"4":{"name":"update","line":31,"loc":{"start":{"line":31,"column":1},"end":{"line":34,"column":1}}},"5":{"name":"implementation","line":36,"loc":{"start":{"line":36,"column":1},"end":{"line":38,"column":1}}},"6":{"name":"owner","line":40,"loc":{"start":{"line":40,"column":1},"end":{"line":42,"column":1}}},"7":{"name":"taxController","line":72,"loc":{"start":{"line":72,"column":1},"end":{"line":75,"column":1}}},"8":{"name":"isGig","line":77,"loc":{"start":{"line":77,"column":1},"end":{"line":80,"column":1}}},"9":{"name":"constructor","line":82,"loc":{"start":{"line":82,"column":1},"end":{"line":85,"column":1}}},"10":{"name":"withdrawJudgeRevenues","line":87,"loc":{"start":{"line":87,"column":1},"end":{"line":93,"column":1}}},"11":{"name":"changeAdminTax","line":98,"loc":{"start":{"line":95,"column":1},"end":{"line":101,"column":1}}},"12":{"name":"changeTrialTax","line":106,"loc":{"start":{"line":103,"column":1},"end":{"line":109,"column":1}}},"13":{"name":"changeRetributionModel","line":115,"loc":{"start":{"line":111,"column":1},"end":{"line":127,"column":1}}},"14":{"name":"changeAutoRefundDelay","line":129,"loc":{"start":{"line":129,"column":1},"end":{"line":132,"column":1}}},"15":{"name":"changeEndTrialDelay","line":134,"loc":{"start":{"line":134,"column":1},"end":{"line":137,"column":1}}},"16":{"name":"createGig","line":139,"loc":{"start":{"line":139,"column":1},"end":{"line":176,"column":1}}},"17":{"name":"emitStatusEvent","line":178,"loc":{"start":{"line":178,"column":1},"end":{"line":180,"column":1}}},"18":{"name":"emitVoteAdded","line":186,"loc":{"start":{"line":182,"column":1},"end":{"line":188,"column":1}}},"19":{"name":"changeUserSoulAddress","line":190,"loc":{"start":{"line":190,"column":1},"end":{"line":192,"column":1}}},"20":{"name":"nbGigs","line":194,"loc":{"start":{"line":194,"column":1},"end":{"line":196,"column":1}}},"21":{"name":"userSoul","line":198,"loc":{"start":{"line":198,"column":1},"end":{"line":200,"column":1}}},"22":{"name":"getImplementation","line":202,"loc":{"start":{"line":202,"column":1},"end":{"line":204,"column":1}}},"23":{"name":"getBeacon","line":206,"loc":{"start":{"line":206,"column":1},"end":{"line":208,"column":1}}},"24":{"name":"getGig","line":210,"loc":{"start":{"line":210,"column":1},"end":{"line":212,"column":1}}},"25":{"name":"adminTax","line":214,"loc":{"start":{"line":214,"column":1},"end":{"line":216,"column":1}}},"26":{"name":"trialTax","line":218,"loc":{"start":{"line":218,"column":1},"end":{"line":220,"column":1}}},"27":{"name":"judgeRetribution","line":222,"loc":{"start":{"line":222,"column":1},"end":{"line":224,"column":1}}},"28":{"name":"affiliateRetribution","line":226,"loc":{"start":{"line":226,"column":1},"end":{"line":228,"column":1}}},"29":{"name":"protocolRetribution","line":230,"loc":{"start":{"line":230,"column":1},"end":{"line":232,"column":1}}},"30":{"name":"firstAffiliateFee","line":234,"loc":{"start":{"line":234,"column":1},"end":{"line":236,"column":1}}},"31":{"name":"secondAffiliateFee","line":238,"loc":{"start":{"line":238,"column":1},"end":{"line":240,"column":1}}},"32":{"name":"endTrialDelay","line":242,"loc":{"start":{"line":242,"column":1},"end":{"line":244,"column":1}}},"33":{"name":"autoRefundDelay","line":246,"loc":{"start":{"line":246,"column":1},"end":{"line":248,"column":1}}},"34":{"name":"isFromGigFactory","line":250,"loc":{"start":{"line":250,"column":1},"end":{"line":252,"column":1}}}},"statementMap":{"1":{"start":{"line":17,"column":2},"end":{"line":17,"column":49}},"2":{"start":{"line":22,"column":2},"end":{"line":22,"column":40}},"3":{"start":{"line":23,"column":2},"end":{"line":23,"column":17}},"4":{"start":{"line":24,"column":2},"end":{"line":24,"column":19}},"5":{"start":{"line":28,"column":2},"end":{"line":28,"column":19}},"6":{"start":{"line":32,"column":2},"end":{"line":32,"column":26}},"7":{"start":{"line":33,"column":2},"end":{"line":33,"column":17}},"8":{"start":{"line":37,"column":2},"end":{"line":37,"column":32}},"9":{"start":{"line":41,"column":2},"end":{"line":41,"column":15}},"10":{"start":{"line":73,"column":2},"end":{"line":73,"column":51}},"11":{"start":{"line":78,"column":2},"end":{"line":78,"column":62}},"12":{"start":{"line":83,"column":2},"end":{"line":83,"column":41}},"13":{"start":{"line":84,"column":2},"end":{"line":84,"column":36}},"14":{"start":{"line":88,"column":2},"end":{"line":88,"column":63}},"15":{"start":{"line":89,"column":2},"end":{"line":89,"column":41}},"16":{"start":{"line":90,"column":2},"end":{"line":90,"column":33}},"17":{"start":{"line":91,"column":2},"end":{"line":91,"column":54}},"18":{"start":{"line":92,"column":2},"end":{"line":92,"column":42}},"19":{"start":{"line":100,"column":2},"end":{"line":100,"column":20}},"20":{"start":{"line":108,"column":2},"end":{"line":108,"column":20}},"21":{"start":{"line":116,"column":2},"end":{"line":116,"column":75}},"22":{"start":{"line":117,"column":2},"end":{"line":117,"column":3071}},"23":{"start":{"line":124,"column":2},"end":{"line":124,"column":41}},"24":{"start":{"line":125,"column":2},"end":{"line":125,"column":49}},"25":{"start":{"line":126,"column":2},"end":{"line":126,"column":47}},"26":{"start":{"line":130,"column":2},"end":{"line":130,"column":70}},"27":{"start":{"line":131,"column":2},"end":{"line":131,"column":32}},"28":{"start":{"line":135,"column":2},"end":{"line":135,"column":69}},"29":{"start":{"line":136,"column":2},"end":{"line":136,"column":30}},"30":{"start":{"line":145,"column":2},"end":{"line":145,"column":39}},"31":{"start":{"line":146,"column":2},"end":{"line":146,"column":3913}},"32":{"start":{"line":151,"column":2},"end":{"line":151,"column":4031}},"33":{"start":{"line":155,"column":2},"end":{"line":155,"column":4132}},"34":{"start":{"line":169,"column":2},"end":{"line":169,"column":32}},"35":{"start":{"line":170,"column":2},"end":{"line":170,"column":30}},"36":{"start":{"line":172,"column":2},"end":{"line":172,"column":67}},"37":{"start":{"line":174,"column":2},"end":{"line":174,"column":54}},"38":{"start":{"line":175,"column":2},"end":{"line":175,"column":23}},"39":{"start":{"line":179,"column":2},"end":{"line":179,"column":41}},"40":{"start":{"line":187,"column":2},"end":{"line":187,"column":44}},"41":{"start":{"line":191,"column":2},"end":{"line":191,"column":36}},"42":{"start":{"line":195,"column":2},"end":{"line":195,"column":16}},"43":{"start":{"line":199,"column":2},"end":{"line":199,"column":27}},"44":{"start":{"line":203,"column":2},"end":{"line":203,"column":32}},"45":{"start":{"line":207,"column":2},"end":{"line":207,"column":24}},"46":{"start":{"line":211,"column":2},"end":{"line":211,"column":18}},"47":{"start":{"line":215,"column":2},"end":{"line":215,"column":18}},"48":{"start":{"line":219,"column":2},"end":{"line":219,"column":18}},"49":{"start":{"line":223,"column":2},"end":{"line":223,"column":26}},"50":{"start":{"line":227,"column":2},"end":{"line":227,"column":30}},"51":{"start":{"line":231,"column":2},"end":{"line":231,"column":29}},"52":{"start":{"line":235,"column":2},"end":{"line":235,"column":27}},"53":{"start":{"line":239,"column":2},"end":{"line":239,"column":28}},"54":{"start":{"line":243,"column":2},"end":{"line":243,"column":23}},"55":{"start":{"line":247,"column":2},"end":{"line":247,"column":25}},"56":{"start":{"line":251,"column":2},"end":{"line":251,"column":25}}},"branchMap":{"1":{"line":17,"type":"if","locations":[{"start":{"line":17,"column":2},"end":{"line":17,"column":2}},{"start":{"line":17,"column":2},"end":{"line":17,"column":2}}]},"2":{"line":73,"type":"if","locations":[{"start":{"line":73,"column":2},"end":{"line":73,"column":2}},{"start":{"line":73,"column":2},"end":{"line":73,"column":2}}]},"3":{"line":78,"type":"if","locations":[{"start":{"line":78,"column":2},"end":{"line":78,"column":2}},{"start":{"line":78,"column":2},"end":{"line":78,"column":2}}]},"4":{"line":89,"type":"if","locations":[{"start":{"line":89,"column":2},"end":{"line":89,"column":2}},{"start":{"line":89,"column":2},"end":{"line":89,"column":2}}]},"5":{"line":116,"type":"if","locations":[{"start":{"line":116,"column":2},"end":{"line":116,"column":2}},{"start":{"line":116,"column":2},"end":{"line":116,"column":2}}]},"6":{"line":117,"type":"if","locations":[{"start":{"line":117,"column":2},"end":{"line":117,"column":2}},{"start":{"line":117,"column":2},"end":{"line":117,"column":2}}]},"7":{"line":130,"type":"if","locations":[{"start":{"line":130,"column":2},"end":{"line":130,"column":2}},{"start":{"line":130,"column":2},"end":{"line":130,"column":2}}]},"8":{"line":135,"type":"if","locations":[{"start":{"line":135,"column":2},"end":{"line":135,"column":2}},{"start":{"line":135,"column":2},"end":{"line":135,"column":2}}]},"9":{"line":146,"type":"if","locations":[{"start":{"line":146,"column":2},"end":{"line":146,"column":2}},{"start":{"line":146,"column":2},"end":{"line":146,"column":2}}]},"10":{"line":151,"type":"if","locations":[{"start":{"line":151,"column":2},"end":{"line":151,"column":2}},{"start":{"line":151,"column":2},"end":{"line":151,"column":2}}]}}},
"contracts/GigV1.sol":{"l":{"106":18,"107":17,"110":15,"111":12,"114":46,"115":45,"118":3,"119":2,"122":14,"123":13,"126":23,"127":22,"131":4,"136":3,"148":23,"149":23,"150":23,"151":23,"152":23,"153":23,"154":23,"155":23,"156":23,"157":23,"161":2,"162":1,"163":1,"164":1,"165":1,"169":13,"170":13,"174":2,"175":2,"176":2,"177":2,"178":1,"179":1,"181":1,"184":1,"187":1,"193":1,"194":1,"195":1,"196":1,"198":1,"200":2,"201":2,"202":2,"206":10,"207":10,"208":10,"209":10,"210":10,"211":10,"215":35,"223":34,"224":34,"225":6,"227":6,"229":7,"231":8,"233":7,"235":34,"239":8,"240":7,"241":7,"242":7,"243":7,"244":7,"245":7,"246":7,"247":7,"248":7,"249":7,"250":7,"251":7,"252":7,"253":7,"255":7,"256":6,"257":6,"258":6,"259":6,"261":7,"262":5,"263":5,"264":5,"265":5,"267":7,"268":2,"269":2,"270":2,"271":2,"273":7,"274":1,"275":1,"276":1,"277":1,"279":7,"280":7,"281":7,"290":7,"291":7,"292":7,"294":7,"297":7,"299":7,"301":7,"302":32,"309":7,"315":7,"316":7,"317":7,"318":7,"319":7,"320":7,"324":1,"328":1,"332":1,"336":1,"340":1,"344":1,"348":1,"352":1,"356":1,"366":1,"376":1,"380":1,"384":5,"388":41},"path":"/Users/oscarmac/Desktop/BlockSwan/contracts/family-core-v1/contracts/GigV1.sol","s":{"1":18,"2":15,"3":46,"4":3,"5":14,"6":23,"7":4,"8":23,"9":23,"10":23,"11":23,"12":23,"13":23,"14":23,"15":23,"16":23,"17":23,"18":2,"19":1,"20":1,"21":1,"22":1,"23":13,"24":13,"25":2,"26":2,"27":2,"28":2,"29":1,"30":1,"31":1,"32":1,"33":1,"34":1,"35":1,"36":1,"37":1,"38":1,"39":2,"40":2,"41":2,"42":10,"43":10,"44":10,"45":10,"46":10,"47":10,"48":35,"49":34,"50":34,"51":6,"52":28,"53":6,"54":22,"55":7,"56":15,"57":8,"58":7,"59":34,"60":8,"61":7,"62":7,"63":7,"64":7,"65":7,"66":7,"67":7,"68":7,"69":7,"70":7,"71":7,"72":7,"73":7,"74":7,"75":7,"76":6,"77":6,"78":6,"79":6,"80":7,"81":5,"82":5,"83":5,"84":5,"85":7,"86":2,"87":2,"88":2,"89":2,"90":7,"91":1,"92":1,"93":1,"94":1,"95":7,"96":7,"97":7,"98":7,"99":7,"100":7,"101":7,"102":7,"103":7,"104":7,"105":32,"106":7,"107":7,"108":7,"109":7,"110":7,"111":7,"112":7,"113":1,"114":1,"115":1,"116":1,"117":1,"118":1,"119":1,"120":1,"121":1,"122":1,"123":1,"124":1,"125":5,"126":41},"b":{"1":[17,1],"2":[12,3],"3":[45,1],"4":[2,1],"5":[13,1],"6":[22,1],"7":[3,1],"8":[1,1],"9":[1,1],"10":[34,1],"11":[6,28],"12":[6,22],"13":[7,15],"14":[8,7],"15":[7,1],"16":[6,1],"17":[5,2],"18":[2,5],"19":[1,6]},"f":{"1":18,"2":15,"3":46,"4":3,"5":14,"6":23,"7":4,"8":23,"9":2,"10":13,"11":2,"12":10,"13":35,"14":8,"15":7,"16":1,"17":1,"18":1,"19":1,"20":1,"21":1,"22":1,"23":1,"24":1,"25":1,"26":1,"27":1,"28":5,"29":41},"fnMap":{"1":{"name":"unconfirmed","line":105,"loc":{"start":{"line":105,"column":1},"end":{"line":108,"column":1}}},"2":{"name":"confirmed","line":109,"loc":{"start":{"line":109,"column":1},"end":{"line":112,"column":1}}},"3":{"name":"trial","line":113,"loc":{"start":{"line":113,"column":1},"end":{"line":116,"column":1}}},"4":{"name":"isBuyer","line":117,"loc":{"start":{"line":117,"column":1},"end":{"line":120,"column":1}}},"5":{"name":"isSeller","line":121,"loc":{"start":{"line":121,"column":1},"end":{"line":124,"column":1}}},"6":{"name":"isActor","line":125,"loc":{"start":{"line":125,"column":1},"end":{"line":128,"column":1}}},"7":{"name":"isAuthorized","line":130,"loc":{"start":{"line":130,"column":1},"end":{"line":137,"column":1}}},"8":{"name":"initialize","line":147,"loc":{"start":{"line":139,"column":1},"end":{"line":158,"column":1}}},"9":{"name":"autoRefund","line":160,"loc":{"start":{"line":160,"column":1},"end":{"line":166,"column":1}}},"10":{"name":"acceptOrder","line":168,"loc":{"start":{"line":168,"column":1},"end":{"line":171,"column":1}}},"11":{"name":"sendAll","line":173,"loc":{"start":{"line":173,"column":1},"end":{"line":203,"column":1}}},"12":{"name":"callTrial","line":205,"loc":{"start":{"line":205,"column":1},"end":{"line":212,"column":1}}},"13":{"name":"vote","line":214,"loc":{"start":{"line":214,"column":1},"end":{"line":236,"column":1}}},"14":{"name":"endTrial","line":238,"loc":{"start":{"line":238,"column":1},"end":{"line":282,"column":1}}},"15":{"name":"_transferTrial","line":284,"loc":{"start":{"line":284,"column":1},"end":{"line":321,"column":1}}},"16":{"name":"paymentToken","line":323,"loc":{"start":{"line":323,"column":1},"end":{"line":325,"column":1}}},"17":{"name":"gigFactory","line":327,"loc":{"start":{"line":327,"column":1},"end":{"line":329,"column":1}}},"18":{"name":"userSoul","line":331,"loc":{"start":{"line":331,"column":1},"end":{"line":333,"column":1}}},"19":{"name":"gigIndex","line":335,"loc":{"start":{"line":335,"column":1},"end":{"line":337,"column":1}}},"20":{"name":"buyer","line":339,"loc":{"start":{"line":339,"column":1},"end":{"line":341,"column":1}}},"21":{"name":"seller","line":343,"loc":{"start":{"line":343,"column":1},"end":{"line":345,"column":1}}},"22":{"name":"price","line":347,"loc":{"start":{"line":347,"column":1},"end":{"line":349,"column":1}}},"23":{"name":"timestamp","line":351,"loc":{"start":{"line":351,"column":1},"end":{"line":353,"column":1}}},"24":{"name":"metadata","line":355,"loc":{"start":{"line":355,"column":1},"end":{"line":357,"column":1}}},"25":{"name":"readTrialMetadata","line":363,"loc":{"start":{"line":359,"column":1},"end":{"line":367,"column":1}}},"26":{"name":"readTrialLogs","line":373,"loc":{"start":{"line":369,"column":1},"end":{"line":377,"column":1}}},"27":{"name":"logs","line":379,"loc":{"start":{"line":379,"column":1},"end":{"line":381,"column":1}}},"28":{"name":"state","line":383,"loc":{"start":{"line":383,"column":1},"end":{"line":385,"column":1}}},"29":{"name":"_transfer","line":387,"loc":{"start":{"line":387,"column":1},"end":{"line":389,"column":1}}}},"statementMap":{"1":{"start":{"line":106,"column":2},"end":{"line":106,"column":44}},"2":{"start":{"line":110,"column":2},"end":{"line":110,"column":42}},"3":{"start":{"line":114,"column":2},"end":{"line":114,"column":38}},"4":{"start":{"line":118,"column":2},"end":{"line":118,"column":30}},"5":{"start":{"line":122,"column":2},"end":{"line":122,"column":31}},"6":{"start":{"line":126,"column":2},"end":{"line":126,"column":55}},"7":{"start":{"line":131,"column":2},"end":{"line":131,"column":3025}},"8":{"start":{"line":148,"column":2},"end":{"line":148,"column":38}},"9":{"start":{"line":149,"column":2},"end":{"line":149,"column":41}},"10":{"start":{"line":150,"column":2},"end":{"line":150,"column":36}},"11":{"start":{"line":151,"column":2},"end":{"line":151,"column":19}},"12":{"start":{"line":152,"column":2},"end":{"line":152,"column":21}},"13":{"start":{"line":153,"column":2},"end":{"line":153,"column":19}},"14":{"start":{"line":154,"column":2},"end":{"line":154,"column":25}},"15":{"start":{"line":155,"column":2},"end":{"line":155,"column":29}},"16":{"start":{"line":156,"column":2},"end":{"line":156,"column":34}},"17":{"start":{"line":157,"column":2},"end":{"line":157,"column":22}},"18":{"start":{"line":161,"column":2},"end":{"line":161,"column":71}},"19":{"start":{"line":162,"column":2},"end":{"line":162,"column":58}},"20":{"start":{"line":163,"column":2},"end":{"line":163,"column":31}},"21":{"start":{"line":164,"column":2},"end":{"line":164,"column":27}},"22":{"start":{"line":165,"column":2},"end":{"line":165,"column":46}},"23":{"start":{"line":169,"column":2},"end":{"line":169,"column":32}},"24":{"start":{"line":170,"column":2},"end":{"line":170,"column":46}},"25":{"start":{"line":174,"column":2},"end":{"line":174,"column":58}},"26":{"start":{"line":175,"column":2},"end":{"line":175,"column":67}},"27":{"start":{"line":176,"column":2},"end":{"line":176,"column":66}},"28":{"start":{"line":177,"column":2},"end":{"line":177,"column":4372}},"29":{"start":{"line":178,"column":3},"end":{"line":178,"column":54}},"30":{"start":{"line":179,"column":3},"end":{"line":179,"column":4489}},"31":{"start":{"line":181,"column":3},"end":{"line":181,"column":4579}},"32":{"start":{"line":184,"column":3},"end":{"line":184,"column":4633}},"33":{"start":{"line":187,"column":3},"end":{"line":187,"column":4713}},"34":{"start":{"line":193,"column":3},"end":{"line":193,"column":41}},"35":{"start":{"line":194,"column":3},"end":{"line":194,"column":50}},"36":{"start":{"line":195,"column":3},"end":{"line":195,"column":50}},"37":{"start":{"line":196,"column":3},"end":{"line":196,"column":48}},"38":{"start":{"line":198,"column":3},"end":{"line":198,"column":38}},"39":{"start":{"line":200,"column":2},"end":{"line":200,"column":58}},"40":{"start":{"line":201,"column":2},"end":{"line":201,"column":27}},"41":{"start":{"line":202,"column":2},"end":{"line":202,"column":46}},"42":{"start":{"line":206,"column":2},"end":{"line":206,"column":17}},"43":{"start":{"line":207,"column":2},"end":{"line":207,"column":28}},"44":{"start":{"line":208,"column":2},"end":{"line":208,"column":59}},"45":{"start":{"line":209,"column":2},"end":{"line":209,"column":46}},"46":{"start":{"line":210,"column":2},"end":{"line":210,"column":35}},"47":{"start":{"line":211,"column":2},"end":{"line":211,"column":37}},"48":{"start":{"line":215,"column":2},"end":{"line":215,"column":5593}},"49":{"start":{"line":223,"column":2},"end":{"line":223,"column":28}},"50":{"start":{"line":224,"column":2},"end":{"line":224,"column":5813}},"51":{"start":{"line":225,"column":3},"end":{"line":225,"column":26}},"52":{"start":{"line":226,"column":9},"end":{"line":226,"column":5869}},"53":{"start":{"line":227,"column":3},"end":{"line":227,"column":26}},"54":{"start":{"line":228,"column":9},"end":{"line":228,"column":5925}},"55":{"start":{"line":229,"column":3},"end":{"line":229,"column":26}},"56":{"start":{"line":230,"column":9},"end":{"line":230,"column":5981}},"57":{"start":{"line":231,"column":3},"end":{"line":231,"column":26}},"58":{"start":{"line":233,"column":3},"end":{"line":233,"column":26}},"59":{"start":{"line":235,"column":2},"end":{"line":235,"column":60}},"60":{"start":{"line":239,"column":2},"end":{"line":239,"column":39}},"61":{"start":{"line":240,"column":2},"end":{"line":240,"column":35}},"62":{"start":{"line":241,"column":2},"end":{"line":241,"column":35}},"63":{"start":{"line":242,"column":2},"end":{"line":242,"column":35}},"64":{"start":{"line":243,"column":2},"end":{"line":243,"column":35}},"65":{"start":{"line":244,"column":2},"end":{"line":244,"column":35}},"66":{"start":{"line":245,"column":2},"end":{"line":245,"column":34}},"67":{"start":{"line":246,"column":2},"end":{"line":246,"column":34}},"68":{"start":{"line":247,"column":2},"end":{"line":247,"column":34}},"69":{"start":{"line":248,"column":2},"end":{"line":248,"column":34}},"70":{"start":{"line":249,"column":2},"end":{"line":249,"column":34}},"71":{"start":{"line":250,"column":2},"end":{"line":250,"column":29}},"72":{"start":{"line":251,"column":2},"end":{"line":251,"column":36}},"73":{"start":{"line":252,"column":2},"end":{"line":252,"column":21}},"74":{"start":{"line":253,"column":2},"end":{"line":253,"column":28}},"75":{"start":{"line":255,"column":2},"end":{"line":255,"column":6717}},"76":{"start":{"line":256,"column":3},"end":{"line":256,"column":21}},"77":{"start":{"line":257,"column":3},"end":{"line":257,"column":19}},"78":{"start":{"line":258,"column":3},"end":{"line":258,"column":20}},"79":{"start":{"line":259,"column":3},"end":{"line":259,"column":21}},"80":{"start":{"line":261,"column":2},"end":{"line":261,"column":6844}},"81":{"start":{"line":262,"column":3},"end":{"line":262,"column":21}},"82":{"start":{"line":263,"column":3},"end":{"line":263,"column":20}},"83":{"start":{"line":264,"column":3},"end":{"line":264,"column":21}},"84":{"start":{"line":265,"column":3},"end":{"line":265,"column":19}},"85":{"start":{"line":267,"column":2},"end":{"line":267,"column":6971}},"86":{"start":{"line":268,"column":3},"end":{"line":268,"column":21}},"87":{"start":{"line":269,"column":3},"end":{"line":269,"column":20}},"88":{"start":{"line":270,"column":3},"end":{"line":270,"column":21}},"89":{"start":{"line":271,"column":3},"end":{"line":271,"column":19}},"90":{"start":{"line":273,"column":2},"end":{"line":273,"column":7097}},"91":{"start":{"line":274,"column":3},"end":{"line":274,"column":21}},"92":{"start":{"line":275,"column":3},"end":{"line":275,"column":21}},"93":{"start":{"line":276,"column":3},"end":{"line":276,"column":20}},"94":{"start":{"line":277,"column":3},"end":{"line":277,"column":19}},"95":{"start":{"line":279,"column":2},"end":{"line":279,"column":27}},"96":{"start":{"line":280,"column":2},"end":{"line":280,"column":46}},"97":{"start":{"line":281,"column":2},"end":{"line":281,"column":66}},"98":{"start":{"line":290,"column":2},"end":{"line":290,"column":67}},"99":{"start":{"line":291,"column":2},"end":{"line":291,"column":71}},"100":{"start":{"line":292,"column":2},"end":{"line":292,"column":7656}},"101":{"start":{"line":294,"column":2},"end":{"line":294,"column":7781}},"102":{"start":{"line":297,"column":2},"end":{"line":297,"column":76}},"103":{"start":{"line":299,"column":2},"end":{"line":299,"column":55}},"104":{"start":{"line":301,"column":2},"end":{"line":301,"column":7966}},"105":{"start":{"line":302,"column":3},"end":{"line":302,"column":8012}},"106":{"start":{"line":309,"column":2},"end":{"line":309,"column":8125}},"107":{"start":{"line":315,"column":2},"end":{"line":315,"column":40}},"108":{"start":{"line":316,"column":2},"end":{"line":316,"column":49}},"109":{"start":{"line":317,"column":2},"end":{"line":317,"column":49}},"110":{"start":{"line":318,"column":2},"end":{"line":318,"column":47}},"111":{"start":{"line":319,"column":2},"end":{"line":319,"column":58}},"112":{"start":{"line":320,"column":2},"end":{"line":320,"column":60}},"113":{"start":{"line":324,"column":2},"end":{"line":324,"column":22}},"114":{"start":{"line":328,"column":2},"end":{"line":328,"column":20}},"115":{"start":{"line":332,"column":2},"end":{"line":332,"column":18}},"116":{"start":{"line":336,"column":2},"end":{"line":336,"column":18}},"117":{"start":{"line":340,"column":2},"end":{"line":340,"column":15}},"118":{"start":{"line":344,"column":2},"end":{"line":344,"column":16}},"119":{"start":{"line":348,"column":2},"end":{"line":348,"column":15}},"120":{"start":{"line":352,"column":2},"end":{"line":352,"column":19}},"121":{"start":{"line":356,"column":2},"end":{"line":356,"column":18}},"122":{"start":{"line":366,"column":2},"end":{"line":366,"column":18}},"123":{"start":{"line":376,"column":2},"end":{"line":376,"column":14}},"124":{"start":{"line":380,"column":2},"end":{"line":380,"column":14}},"125":{"start":{"line":384,"column":2},"end":{"line":384,"column":19}},"126":{"start":{"line":388,"column":2},"end":{"line":388,"column":41}}},"branchMap":{"1":{"line":106,"type":"if","locations":[{"start":{"line":106,"column":2},"end":{"line":106,"column":2}},{"start":{"line":106,"column":2},"end":{"line":106,"column":2}}]},"2":{"line":110,"type":"if","locations":[{"start":{"line":110,"column":2},"end":{"line":110,"column":2}},{"start":{"line":110,"column":2},"end":{"line":110,"column":2}}]},"3":{"line":114,"type":"if","locations":[{"start":{"line":114,"column":2},"end":{"line":114,"column":2}},{"start":{"line":114,"column":2},"end":{"line":114,"column":2}}]},"4":{"line":118,"type":"if","locations":[{"start":{"line":118,"column":2},"end":{"line":118,"column":2}},{"start":{"line":118,"column":2},"end":{"line":118,"column":2}}]},"5":{"line":122,"type":"if","locations":[{"start":{"line":122,"column":2},"end":{"line":122,"column":2}},{"start":{"line":122,"column":2},"end":{"line":122,"column":2}}]},"6":{"line":126,"type":"if","locations":[{"start":{"line":126,"column":2},"end":{"line":126,"column":2}},{"start":{"line":126,"column":2},"end":{"line":126,"column":2}}]},"7":{"line":131,"type":"if","locations":[{"start":{"line":131,"column":2},"end":{"line":131,"column":2}},{"start":{"line":131,"column":2},"end":{"line":131,"column":2}}]},"8":{"line":161,"type":"if","locations":[{"start":{"line":161,"column":2},"end":{"line":161,"column":2}},{"start":{"line":161,"column":2},"end":{"line":161,"column":2}}]},"9":{"line":177,"type":"if","locations":[{"start":{"line":177,"column":2},"end":{"line":177,"column":2}},{"start":{"line":177,"column":2},"end":{"line":177,"column":2}}]},"10":{"line":215,"type":"if","locations":[{"start":{"line":215,"column":2},"end":{"line":215,"column":2}},{"start":{"line":215,"column":2},"end":{"line":215,"column":2}}]},"11":{"line":224,"type":"if","locations":[{"start":{"line":224,"column":2},"end":{"line":224,"column":2}},{"start":{"line":224,"column":2},"end":{"line":224,"column":2}}]},"12":{"line":226,"type":"if","locations":[{"start":{"line":226,"column":9},"end":{"line":226,"column":9}},{"start":{"line":226,"column":9},"end":{"line":226,"column":9}}]},"13":{"line":228,"type":"if","locations":[{"start":{"line":228,"column":9},"end":{"line":228,"column":9}},{"start":{"line":228,"column":9},"end":{"line":228,"column":9}}]},"14":{"line":230,"type":"if","locations":[{"start":{"line":230,"column":9},"end":{"line":230,"column":9}},{"start":{"line":230,"column":9},"end":{"line":230,"column":9}}]},"15":{"line":239,"type":"if","locations":[{"start":{"line":239,"column":2},"end":{"line":239,"column":2}},{"start":{"line":239,"column":2},"end":{"line":239,"column":2}}]},"16":{"line":255,"type":"if","locations":[{"start":{"line":255,"column":2},"end":{"line":255,"column":2}},{"start":{"line":255,"column":2},"end":{"line":255,"column":2}}]},"17":{"line":261,"type":"if","locations":[{"start":{"line":261,"column":2},"end":{"line":261,"column":2}},{"start":{"line":261,"column":2},"end":{"line":261,"column":2}}]},"18":{"line":267,"type":"if","locations":[{"start":{"line":267,"column":2},"end":{"line":267,"column":2}},{"start":{"line":267,"column":2},"end":{"line":267,"column":2}}]},"19":{"line":273,"type":"if","locations":[{"start":{"line":273,"column":2},"end":{"line":273,"column":2}},{"start":{"line":273,"column":2},"end":{"line":273,"column":2}}]}}},
"contracts/UserSoul.sol":{"l":{"58":177,"62":34,"63":33,"67":70,"68":69,"72":37,"76":2,"77":2,"78":1,"79":1,"80":1,"81":1,"85":72,"86":70,"87":70,"88":70,"89":70,"90":70,"91":70,"92":70,"96":3,"97":2,"98":2,"102":116,"103":116,"104":116,"108":4,"109":4,"110":4,"118":32,"125":33,"129":8,"130":8,"134":11,"135":11,"139":10,"140":10,"149":8,"150":8,"152":8,"153":7,"154":7,"156":8,"157":8,"159":8,"160":7,"161":7,"163":8,"164":8,"167":8,"168":8,"169":8,"170":8,"171":8,"182":2,"183":1,"198":1,"209":80,"210":75,"212":5,"217":42,"221":86,"225":83,"229":83,"237":40,"245":2,"249":23,"253":2,"257":1,"261":68,"265":156},"path":"/Users/oscarmac/Desktop/BlockSwan/contracts/family-core-v1/contracts/UserSoul.sol","s":{"1":177,"2":34,"3":70,"4":37,"5":2,"6":2,"7":1,"8":1,"9":1,"10":1,"11":72,"12":70,"13":70,"14":70,"15":70,"16":70,"17":70,"18":70,"19":3,"20":2,"21":116,"22":116,"23":116,"24":4,"25":4,"26":4,"27":32,"28":33,"29":8,"30":8,"31":11,"32":11,"33":10,"34":10,"35":8,"36":8,"37":8,"38":7,"39":7,"40":8,"41":8,"42":8,"43":7,"44":7,"45":8,"46":8,"47":8,"48":8,"49":8,"50":8,"51":8,"52":2,"53":1,"54":1,"55":80,"56":75,"57":5,"58":42,"59":86,"60":83,"61":83,"62":40,"63":2,"64":23,"65":2,"66":1,"67":68,"68":156},"b":{"1":[33,1],"2":[69,1],"3":[1,1],"4":[70,2],"5":[2,1],"6":[7,1],"7":[7,1],"8":[1,1],"9":[75,5]},"f":{"1":177,"2":34,"3":70,"4":37,"5":2,"6":72,"7":3,"8":116,"9":4,"10":32,"11":33,"12":8,"13":11,"14":10,"15":8,"16":2,"17":1,"18":80,"19":42,"20":86,"21":83,"22":83,"23":40,"24":2,"25":23,"26":2,"27":1,"28":68,"29":156},"fnMap":{"1":{"name":"constructor","line":57,"loc":{"start":{"line":57,"column":1},"end":{"line":59,"column":1}}},"2":{"name":"fromFactory","line":61,"loc":{"start":{"line":61,"column":1},"end":{"line":64,"column":1}}},"3":{"name":"fromGig","line":66,"loc":{"start":{"line":66,"column":1},"end":{"line":69,"column":1}}},"4":{"name":"changeGigFactory","line":71,"loc":{"start":{"line":71,"column":1},"end":{"line":73,"column":1}}},"5":{"name":"withdrawInviterRevenues","line":75,"loc":{"start":{"line":75,"column":1},"end":{"line":82,"column":1}}},"6":{"name":"mint","line":84,"loc":{"start":{"line":84,"column":1},"end":{"line":93,"column":1}}},"7":{"name":"burn","line":95,"loc":{"start":{"line":95,"column":1},"end":{"line":99,"column":1}}},"8":{"name":"setJudge","line":101,"loc":{"start":{"line":101,"column":1},"end":{"line":105,"column":1}}},"9":{"name":"setBan","line":107,"loc":{"start":{"line":107,"column":1},"end":{"line":111,"column":1}}},"10":{"name":"incrValidVotes","line":117,"loc":{"start":{"line":113,"column":1},"end":{"line":119,"column":1}}},"11":{"name":"decreaseUserJudgeWeight","line":123,"loc":{"start":{"line":121,"column":1},"end":{"line":126,"column":1}}},"12":{"name":"onGigSuccess","line":128,"loc":{"start":{"line":128,"column":1},"end":{"line":131,"column":1}}},"13":{"name":"onGigFail","line":133,"loc":{"start":{"line":133,"column":1},"end":{"line":136,"column":1}}},"14":{"name":"onTrial","line":138,"loc":{"start":{"line":138,"column":1},"end":{"line":141,"column":1}}},"15":{"name":"increaseInvitersBalance","line":148,"loc":{"start":{"line":143,"column":1},"end":{"line":179,"column":1}}},"16":{"name":"changeIdentity","line":181,"loc":{"start":{"line":181,"column":1},"end":{"line":184,"column":1}}},"17":{"name":"getUser","line":186,"loc":{"start":{"line":186,"column":1},"end":{"line":206,"column":1}}},"18":{"name":"hasSoul","line":208,"loc":{"start":{"line":208,"column":1},"end":{"line":214,"column":1}}},"19":{"name":"isJudge","line":216,"loc":{"start":{"line":216,"column":1},"end":{"line":218,"column":1}}},"20":{"name":"isBan","line":220,"loc":{"start":{"line":220,"column":1},"end":{"line":222,"column":1}}},"21":{"name":"getFirstInviter","line":224,"loc":{"start":{"line":224,"column":1},"end":{"line":226,"column":1}}},"22":{"name":"getSecondInviter","line":228,"loc":{"start":{"line":228,"column":1},"end":{"line":230,"column":1}}},"23":{"name":"getUserWeight","line":232,"loc":{"start":{"line":232,"column":1},"end":{"line":238,"column":1}}},"24":{"name":"getInviterBalance","line":240,"loc":{"start":{"line":240,"column":1},"end":{"line":246,"column":1}}},"25":{"name":"gigFactory","line":248,"loc":{"start":{"line":248,"column":1},"end":{"line":250,"column":1}}},"26":{"name":"balanceWeight","line":252,"loc":{"start":{"line":252,"column":1},"end":{"line":254,"column":1}}},"27":{"name":"totalValidVotes","line":256,"loc":{"start":{"line":256,"column":1},"end":{"line":258,"column":1}}},"28":{"name":"getUserIdentity","line":260,"loc":{"start":{"line":260,"column":1},"end":{"line":262,"column":1}}},"29":{"name":"isZeroAddress","line":264,"loc":{"start":{"line":264,"column":1},"end":{"line":266,"column":1}}}},"statementMap":{"1":{"start":{"line":58,"column":2},"end":{"line":58,"column":42}},"2":{"start":{"line":62,"column":2},"end":{"line":62,"column":44}},"3":{"start":{"line":67,"column":2},"end":{"line":67,"column":50}},"4":{"start":{"line":72,"column":2},"end":{"line":72,"column":37}},"5":{"start":{"line":76,"column":2},"end":{"line":76,"column":60}},"6":{"start":{"line":77,"column":2},"end":{"line":77,"column":21}},"7":{"start":{"line":78,"column":2},"end":{"line":78,"column":45}},"8":{"start":{"line":79,"column":2},"end":{"line":79,"column":39}},"9":{"start":{"line":80,"column":2},"end":{"line":80,"column":48}},"10":{"start":{"line":81,"column":2},"end":{"line":81,"column":53}},"11":{"start":{"line":85,"column":2},"end":{"line":85,"column":56}},"12":{"start":{"line":86,"column":2},"end":{"line":86,"column":56}},"13":{"start":{"line":87,"column":2},"end":{"line":87,"column":54}},"14":{"start":{"line":88,"column":2},"end":{"line":88,"column":74}},"15":{"start":{"line":89,"column":2},"end":{"line":89,"column":39}},"16":{"start":{"line":90,"column":2},"end":{"line":90,"column":41}},"17":{"start":{"line":91,"column":2},"end":{"line":91,"column":47}},"18":{"start":{"line":92,"column":2},"end":{"line":92,"column":49}},"19":{"start":{"line":96,"column":2},"end":{"line":96,"column":29}},"20":{"start":{"line":98,"column":2},"end":{"line":98,"column":23}},"21":{"start":{"line":102,"column":2},"end":{"line":102,"column":41}},"22":{"start":{"line":103,"column":2},"end":{"line":103,"column":36}},"23":{"start":{"line":104,"column":2},"end":{"line":104,"column":33}},"24":{"start":{"line":108,"column":2},"end":{"line":108,"column":37}},"25":{"start":{"line":109,"column":2},"end":{"line":109,"column":32}},"26":{"start":{"line":110,"column":2},"end":{"line":110,"column":29}},"27":{"start":{"line":118,"column":2},"end":{"line":118,"column":44}},"28":{"start":{"line":125,"column":2},"end":{"line":125,"column":37}},"29":{"start":{"line":129,"column":2},"end":{"line":129,"column":30}},"30":{"start":{"line":130,"column":2},"end":{"line":130,"column":32}},"31":{"start":{"line":134,"column":2},"end":{"line":134,"column":27}},"32":{"start":{"line":135,"column":2},"end":{"line":135,"column":29}},"33":{"start":{"line":139,"column":2},"end":{"line":139,"column":27}},"34":{"start":{"line":140,"column":2},"end":{"line":140,"column":28}},"35":{"start":{"line":149,"column":2},"end":{"line":149,"column":54}},"36":{"start":{"line":150,"column":2},"end":{"line":150,"column":56}},"37":{"start":{"line":152,"column":2},"end":{"line":152,"column":4153}},"38":{"start":{"line":153,"column":3},"end":{"line":153,"column":30}},"39":{"start":{"line":154,"column":3},"end":{"line":154,"column":31}},"40":{"start":{"line":156,"column":2},"end":{"line":156,"column":56}},"41":{"start":{"line":157,"column":2},"end":{"line":157,"column":58}},"42":{"start":{"line":159,"column":2},"end":{"line":159,"column":4386}},"43":{"start":{"line":160,"column":3},"end":{"line":160,"column":31}},"44":{"start":{"line":161,"column":3},"end":{"line":161,"column":32}},"45":{"start":{"line":163,"column":2},"end":{"line":163,"column":77}},"46":{"start":{"line":164,"column":2},"end":{"line":164,"column":4584}},"47":{"start":{"line":167,"column":2},"end":{"line":167,"column":64}},"48":{"start":{"line":168,"column":2},"end":{"line":168,"column":66}},"49":{"start":{"line":169,"column":2},"end":{"line":169,"column":65}},"50":{"start":{"line":170,"column":2},"end":{"line":170,"column":67}},"51":{"start":{"line":171,"column":2},"end":{"line":171,"column":4944}},"52":{"start":{"line":182,"column":2},"end":{"line":182,"column":29}},"53":{"start":{"line":183,"column":2},"end":{"line":183,"column":42}},"54":{"start":{"line":198,"column":2},"end":{"line":198,"column":5374}},"55":{"start":{"line":209,"column":2},"end":{"line":209,"column":5615}},"56":{"start":{"line":210,"column":3},"end":{"line":210,"column":15}},"57":{"start":{"line":212,"column":3},"end":{"line":212,"column":14}},"58":{"start":{"line":217,"column":2},"end":{"line":217,"column":31}},"59":{"start":{"line":221,"column":2},"end":{"line":221,"column":29}},"60":{"start":{"line":225,"column":2},"end":{"line":225,"column":35}},"61":{"start":{"line":229,"column":2},"end":{"line":229,"column":35}},"62":{"start":{"line":237,"column":2},"end":{"line":237,"column":43}},"63":{"start":{"line":245,"column":2},"end":{"line":245,"column":46}},"64":{"start":{"line":249,"column":2},"end":{"line":249,"column":29}},"65":{"start":{"line":253,"column":2},"end":{"line":253,"column":23}},"66":{"start":{"line":257,"column":2},"end":{"line":257,"column":25}},"67":{"start":{"line":261,"column":2},"end":{"line":261,"column":30}},"68":{"start":{"line":265,"column":2},"end":{"line":265,"column":70}}},"branchMap":{"1":{"line":62,"type":"if","locations":[{"start":{"line":62,"column":2},"end":{"line":62,"column":2}},{"start":{"line":62,"column":2},"end":{"line":62,"column":2}}]},"2":{"line":67,"type":"if","locations":[{"start":{"line":67,"column":2},"end":{"line":67,"column":2}},{"start":{"line":67,"column":2},"end":{"line":67,"column":2}}]},"3":{"line":77,"type":"if","locations":[{"start":{"line":77,"column":2},"end":{"line":77,"column":2}},{"start":{"line":77,"column":2},"end":{"line":77,"column":2}}]},"4":{"line":85,"type":"if","locations":[{"start":{"line":85,"column":2},"end":{"line":85,"column":2}},{"start":{"line":85,"column":2},"end":{"line":85,"column":2}}]},"5":{"line":96,"type":"if","locations":[{"start":{"line":96,"column":2},"end":{"line":96,"column":2}},{"start":{"line":96,"column":2},"end":{"line":96,"column":2}}]},"6":{"line":152,"type":"if","locations":[{"start":{"line":152,"column":2},"end":{"line":152,"column":2}},{"start":{"line":152,"column":2},"end":{"line":152,"column":2}}]},"7":{"line":159,"type":"if","locations":[{"start":{"line":159,"column":2},"end":{"line":159,"column":2}},{"start":{"line":159,"column":2},"end":{"line":159,"column":2}}]},"8":{"line":182,"type":"if","locations":[{"start":{"line":182,"column":2},"end":{"line":182,"column":2}},{"start":{"line":182,"column":2},"end":{"line":182,"column":2}}]},"9":{"line":209,"type":"if","locations":[{"start":{"line":209,"column":2},"end":{"line":209,"column":2}},{"start":{"line":209,"column":2},"end":{"line":209,"column":2}}]}}}}
