TN:
SF:/Users/oscarmac/Desktop/BlockSwan/contracts/family-core-v1/contracts/FakeUSDC.sol
FN:8,constructor
FN:13,updateMintAmount
FN:17,mint
FNF:3
FNH:3
FNDA:180,constructor
FNDA:1,updateMintAmount
FNDA:25,mint
DA:14,1
DA:18,25
DA:22,24
DA:23,24
LF:4
LH:4
BRDA:18,1,0,24
BRDA:18,1,1,1
BRF:2
BRH:2
end_of_record
TN:
SF:/Users/oscarmac/Desktop/BlockSwan/contracts/family-core-v1/contracts/GigFactory.sol
FN:16,onlyOwner
FN:21,constructor
FN:27,changeOwnership
FN:31,update
FN:36,implementation
FN:40,owner
FN:72,taxController
FN:77,isGig
FN:82,constructor
FN:87,withdrawJudgeRevenues
FN:98,changeAdminTax
FN:106,changeTrialTax
FN:115,changeRetributionModel
FN:129,changeAutoRefundDelay
FN:134,changeEndTrialDelay
FN:139,createGig
FN:178,emitStatusEvent
FN:186,emitVoteAdded
FN:190,changeUserSoulAddress
FN:194,nbGigs
FN:198,userSoul
FN:202,getImplementation
FN:206,getBeacon
FN:210,getGig
FN:214,adminTax
FN:218,trialTax
FN:222,judgeRetribution
FN:226,affiliateRetribution
FN:230,protocolRetribution
FN:234,firstAffiliateFee
FN:238,secondAffiliateFee
FN:242,endTrialDelay
FN:246,autoRefundDelay
FN:250,isFromGigFactory
FNF:34
FNH:34
FNDA:3,onlyOwner
FNDA:108,constructor
FNDA:1,changeOwnership
FNDA:1,update
FNDA:143,implementation
FNDA:4,owner
FNDA:3,taxController
FNDA:68,isGig
FNDA:108,constructor
FNDA:35,withdrawJudgeRevenues
FNDA:1,changeAdminTax
FNDA:1,changeTrialTax
FNDA:3,changeRetributionModel
FNDA:2,changeAutoRefundDelay
FNDA:2,changeEndTrialDelay
FNDA:25,createGig
FNDA:33,emitStatusEvent
FNDA:34,emitVoteAdded
FNDA:1,changeUserSoulAddress
FNDA:3,nbGigs
FNDA:1,userSoul
FNDA:1,getImplementation
FNDA:2,getBeacon
FNDA:24,getGig
FNDA:2,adminTax
FNDA:7,trialTax
FNDA:8,judgeRetribution
FNDA:8,affiliateRetribution
FNDA:8,protocolRetribution
FNDA:8,firstAffiliateFee
FNDA:8,secondAffiliateFee
FNDA:10,endTrialDelay
FNDA:3,autoRefundDelay
FNDA:69,isFromGigFactory
DA:17,3
DA:18,2
DA:22,108
DA:23,108
DA:24,108
DA:28,1
DA:32,1
DA:33,1
DA:37,143
DA:41,4
DA:73,3
DA:74,2
DA:78,68
DA:79,67
DA:83,108
DA:84,108
DA:88,35
DA:89,35
DA:90,32
DA:91,32
DA:92,32
DA:100,1
DA:108,1
DA:116,3
DA:117,2
DA:124,1
DA:125,1
DA:126,1
DA:130,2
DA:131,1
DA:135,2
DA:136,1
DA:145,25
DA:146,25
DA:151,24
DA:155,23
DA:169,23
DA:170,23
DA:171,23
DA:172,23
DA:174,23
DA:175,23
DA:179,33
DA:187,34
DA:191,1
DA:195,3
DA:199,1
DA:203,1
DA:207,2
DA:211,24
DA:215,2
DA:219,7
DA:223,8
DA:227,8
DA:231,8
DA:235,8
DA:239,8
DA:243,10
DA:247,3
DA:251,69
LF:60
LH:60
BRDA:17,1,0,2
BRDA:17,1,1,1
BRDA:73,2,0,2
BRDA:73,2,1,1
BRDA:78,3,0,67
BRDA:78,3,1,1
BRDA:89,4,0,32
BRDA:89,4,1,3
BRDA:116,5,0,2
BRDA:116,5,1,1
BRDA:117,6,0,1
BRDA:117,6,1,1
BRDA:130,7,0,1
BRDA:130,7,1,1
BRDA:135,8,0,1
BRDA:135,8,1,1
BRDA:146,9,0,24
BRDA:146,9,1,1
BRDA:151,10,0,23
BRDA:151,10,1,1
BRF:20
BRH:20
end_of_record
TN:
SF:/Users/oscarmac/Desktop/BlockSwan/contracts/family-core-v1/contracts/GigV1.sol
FN:105,unconfirmed
FN:109,confirmed
FN:113,trial
FN:117,isBuyer
FN:121,isSeller
FN:125,isActor
FN:130,isAuthorized
FN:147,initialize
FN:160,autoRefund
FN:168,acceptOrder
FN:173,sendAll
FN:205,callTrial
FN:214,vote
FN:238,endTrial
FN:284,_transferTrial
FN:323,paymentToken
FN:327,gigFactory
FN:331,userSoul
FN:335,gigIndex
FN:339,buyer
FN:343,seller
FN:347,price
FN:351,timestamp
FN:355,metadata
FN:363,readTrialMetadata
FN:373,readTrialLogs
FN:379,logs
FN:383,state
FN:387,_transfer
FNF:29
FNH:29
FNDA:18,unconfirmed
FNDA:15,confirmed
FNDA:46,trial
FNDA:3,isBuyer
FNDA:14,isSeller
FNDA:23,isActor
FNDA:4,isAuthorized
FNDA:23,initialize
FNDA:2,autoRefund
FNDA:13,acceptOrder
FNDA:2,sendAll
FNDA:10,callTrial
FNDA:35,vote
FNDA:8,endTrial
FNDA:7,_transferTrial
FNDA:1,paymentToken
FNDA:1,gigFactory
FNDA:1,userSoul
FNDA:1,gigIndex
FNDA:1,buyer
FNDA:1,seller
FNDA:1,price
FNDA:1,timestamp
FNDA:1,metadata
FNDA:1,readTrialMetadata
FNDA:1,readTrialLogs
FNDA:1,logs
FNDA:5,state
FNDA:41,_transfer
DA:106,18
DA:107,17
DA:110,15
DA:111,12
DA:114,46
DA:115,45
DA:118,3
DA:119,2
DA:122,14
DA:123,13
DA:126,23
DA:127,22
DA:131,4
DA:136,3
DA:148,23
DA:149,23
DA:150,23
DA:151,23
DA:152,23
DA:153,23
DA:154,23
DA:155,23
DA:156,23
DA:157,23
DA:161,2
DA:162,1
DA:163,1
DA:164,1
DA:165,1
DA:169,13
DA:170,13
DA:174,2
DA:175,2
DA:176,2
DA:177,2
DA:178,1
DA:179,1
DA:181,1
DA:184,1
DA:187,1
DA:193,1
DA:194,1
DA:195,1
DA:196,1
DA:198,1
DA:200,2
DA:201,2
DA:202,2
DA:206,10
DA:207,10
DA:208,10
DA:209,10
DA:210,10
DA:211,10
DA:215,35
DA:223,34
DA:224,34
DA:225,6
DA:227,6
DA:229,7
DA:231,8
DA:233,7
DA:235,34
DA:239,8
DA:240,7
DA:241,7
DA:242,7
DA:243,7
DA:244,7
DA:245,7
DA:246,7
DA:247,7
DA:248,7
DA:249,7
DA:250,7
DA:251,7
DA:252,7
DA:253,7
DA:255,7
DA:256,6
DA:257,6
DA:258,6
DA:259,6
DA:261,7
DA:262,5
DA:263,5
DA:264,5
DA:265,5
DA:267,7
DA:268,2
DA:269,2
DA:270,2
DA:271,2
DA:273,7
DA:274,1
DA:275,1
DA:276,1
DA:277,1
DA:279,7
DA:280,7
DA:281,7
DA:290,7
DA:291,7
DA:292,7
DA:294,7
DA:297,7
DA:299,7
DA:301,7
DA:302,32
DA:309,7
DA:315,7
DA:316,7
DA:317,7
DA:318,7
DA:319,7
DA:320,7
DA:324,1
DA:328,1
DA:332,1
DA:336,1
DA:340,1
DA:344,1
DA:348,1
DA:352,1
DA:356,1
DA:366,1
DA:376,1
DA:380,1
DA:384,5
DA:388,41
LF:130
LH:130
BRDA:106,1,0,17
BRDA:106,1,1,1
BRDA:110,2,0,12
BRDA:110,2,1,3
BRDA:114,3,0,45
BRDA:114,3,1,1
BRDA:118,4,0,2
BRDA:118,4,1,1
BRDA:122,5,0,13
BRDA:122,5,1,1
BRDA:126,6,0,22
BRDA:126,6,1,1
BRDA:131,7,0,3
BRDA:131,7,1,1
BRDA:161,8,0,1
BRDA:161,8,1,1
BRDA:177,9,0,1
BRDA:177,9,1,1
BRDA:215,10,0,34
BRDA:215,10,1,1
BRDA:224,11,0,6
BRDA:224,11,1,28
BRDA:226,12,0,6
BRDA:226,12,1,22
BRDA:228,13,0,7
BRDA:228,13,1,15
BRDA:230,14,0,8
BRDA:230,14,1,7
BRDA:239,15,0,7
BRDA:239,15,1,1
BRDA:255,16,0,6
BRDA:255,16,1,1
BRDA:261,17,0,5
BRDA:261,17,1,2
BRDA:267,18,0,2
BRDA:267,18,1,5
BRDA:273,19,0,1
BRDA:273,19,1,6
BRF:38
BRH:38
end_of_record
TN:
SF:/Users/oscarmac/Desktop/BlockSwan/contracts/family-core-v1/contracts/UserSoul.sol
FN:57,constructor
FN:61,fromFactory
FN:66,fromGig
FN:71,changeGigFactory
FN:75,withdrawInviterRevenues
FN:84,mint
FN:95,burn
FN:101,setJudge
FN:107,setBan
FN:117,incrValidVotes
FN:123,decreaseUserJudgeWeight
FN:128,onGigSuccess
FN:133,onGigFail
FN:138,onTrial
FN:148,increaseInvitersBalance
FN:181,changeIdentity
FN:186,getUser
FN:208,hasSoul
FN:216,isJudge
FN:220,isBan
FN:224,getFirstInviter
FN:228,getSecondInviter
FN:232,getUserWeight
FN:240,getInviterBalance
FN:248,gigFactory
FN:252,balanceWeight
FN:256,totalValidVotes
FN:260,getUserIdentity
FN:264,isZeroAddress
FNF:29
FNH:29
FNDA:177,constructor
FNDA:34,fromFactory
FNDA:70,fromGig
FNDA:37,changeGigFactory
FNDA:2,withdrawInviterRevenues
FNDA:72,mint
FNDA:3,burn
FNDA:116,setJudge
FNDA:4,setBan
FNDA:32,incrValidVotes
FNDA:33,decreaseUserJudgeWeight
FNDA:8,onGigSuccess
FNDA:11,onGigFail
FNDA:10,onTrial
FNDA:8,increaseInvitersBalance
FNDA:2,changeIdentity
FNDA:1,getUser
FNDA:80,hasSoul
FNDA:42,isJudge
FNDA:86,isBan
FNDA:83,getFirstInviter
FNDA:83,getSecondInviter
FNDA:40,getUserWeight
FNDA:2,getInviterBalance
FNDA:23,gigFactory
FNDA:2,balanceWeight
FNDA:1,totalValidVotes
FNDA:68,getUserIdentity
FNDA:156,isZeroAddress
DA:58,177
DA:62,34
DA:63,33
DA:67,70
DA:68,69
DA:72,37
DA:76,2
DA:77,2
DA:78,1
DA:79,1
DA:80,1
DA:81,1
DA:85,72
DA:86,70
DA:87,70
DA:88,70
DA:89,70
DA:90,70
DA:91,70
DA:92,70
DA:96,3
DA:97,2
DA:98,2
DA:102,116
DA:103,116
DA:104,116
DA:108,4
DA:109,4
DA:110,4
DA:118,32
DA:125,33
DA:129,8
DA:130,8
DA:134,11
DA:135,11
DA:139,10
DA:140,10
DA:149,8
DA:150,8
DA:152,8
DA:153,7
DA:154,7
DA:156,8
DA:157,8
DA:159,8
DA:160,7
DA:161,7
DA:163,8
DA:164,8
DA:167,8
DA:168,8
DA:169,8
DA:170,8
DA:171,8
DA:182,2
DA:183,1
DA:198,1
DA:209,80
DA:210,75
DA:212,5
DA:217,42
DA:221,86
DA:225,83
DA:229,83
DA:237,40
DA:245,2
DA:249,23
DA:253,2
DA:257,1
DA:261,68
DA:265,156
LF:71
LH:71
BRDA:62,1,0,33
BRDA:62,1,1,1
BRDA:67,2,0,69
BRDA:67,2,1,1
BRDA:77,3,0,1
BRDA:77,3,1,1
BRDA:85,4,0,70
BRDA:85,4,1,2
BRDA:96,5,0,2
BRDA:96,5,1,1
BRDA:152,6,0,7
BRDA:152,6,1,1
BRDA:159,7,0,7
BRDA:159,7,1,1
BRDA:182,8,0,1
BRDA:182,8,1,1
BRDA:209,9,0,75
BRDA:209,9,1,5
BRF:18
BRH:18
end_of_record
