TN:
SF:/Users/oscarmac/Desktop/BlockSwan/contracts/family-core-v1/contracts/FakeUSDC.sol
FN:8,constructor
FN:13,updateMintAmount
FN:17,mint
FNF:3
FNH:3
FNDA:180,constructor
FNDA:1,updateMintAmount
FNDA:25,mint
DA:14,1
DA:18,25
DA:22,24
DA:23,24
LF:4
LH:4
BRDA:18,1,0,24
BRDA:18,1,1,1
BRF:2
BRH:2
end_of_record
TN:
SF:/Users/oscarmac/Desktop/BlockSwan/contracts/family-core-v1/contracts/GigFactory.sol
FN:16,onlyOwner
FN:21,constructor
FN:27,changeOwnership
FN:31,update
FN:36,implementation
FN:40,owner
FN:72,taxController
FN:77,isGig
FN:82,constructor
FN:87,withdrawJudgeRevenues
FN:98,changeAdminTax
FN:106,changeTrialTax
FN:115,changeRetributionModel
FN:129,changeAutoRefundDelay
FN:134,changeEndTrialDelay
FN:139,createGig
FN:178,emitStatusEvent
FN:186,emitVoteAdded
FN:190,changeUserSoulAddress
FN:194,nbGigs
FN:198,userSoul
FN:202,getImplementation
FN:206,getBeacon
FN:210,getGig
FN:214,adminTax
FN:218,trialTax
FN:222,judgeRetribution
FN:226,affiliateRetribution
FN:230,protocolRetribution
FN:234,firstAffiliateFee
FN:238,secondAffiliateFee
FN:242,endTrialDelay
FN:246,autoRefundDelay
FN:250,isFromGigFactory
FNF:34
FNH:34
FNDA:3,onlyOwner
FNDA:108,constructor
FNDA:1,changeOwnership
FNDA:1,update
FNDA:143,implementation
FNDA:4,owner
FNDA:3,taxController
FNDA:68,isGig
FNDA:108,constructor
FNDA:35,withdrawJudgeRevenues
FNDA:1,changeAdminTax
FNDA:1,changeTrialTax
FNDA:3,changeRetributionModel
FNDA:2,changeAutoRefundDelay
FNDA:2,changeEndTrialDelay
FNDA:25,createGig
FNDA:33,emitStatusEvent
FNDA:34,emitVoteAdded
FNDA:1,changeUserSoulAddress
FNDA:3,nbGigs
FNDA:1,userSoul
FNDA:1,getImplementation
FNDA:2,getBeacon
FNDA:24,getGig
FNDA:2,adminTax
FNDA:7,trialTax
FNDA:8,judgeRetribution
FNDA:8,affiliateRetribution
FNDA:8,protocolRetribution
FNDA:8,firstAffiliateFee
FNDA:8,secondAffiliateFee
FNDA:10,endTrialDelay
FNDA:3,autoRefundDelay
FNDA:70,isFromGigFactory
DA:17,3
DA:18,2
DA:22,108
DA:23,108
DA:24,108
DA:28,1
DA:32,1
DA:33,1
DA:37,143
DA:41,4
DA:73,3
DA:74,2
DA:78,68
DA:79,67
DA:83,108
DA:84,108
DA:88,35
DA:89,35
DA:90,33
DA:91,33
DA:92,33
DA:100,1
DA:108,1
DA:116,3
DA:117,2
DA:124,1
DA:125,1
DA:126,1
DA:130,2
DA:131,1
DA:135,2
DA:136,1
DA:145,25
DA:146,25
DA:151,24
DA:155,23
DA:169,23
DA:170,23
DA:171,23
DA:172,23
DA:174,23
DA:175,23
DA:179,33
DA:187,34
DA:191,1
DA:195,3
DA:199,1
DA:203,1
DA:207,2
DA:211,24
DA:215,2
DA:219,7
DA:223,8
DA:227,8
DA:231,8
DA:235,8
DA:239,8
DA:243,10
DA:247,3
DA:251,70
LF:60
LH:60
BRDA:17,1,0,2
BRDA:17,1,1,1
BRDA:73,2,0,2
BRDA:73,2,1,1
BRDA:78,3,0,67
BRDA:78,3,1,1
BRDA:89,4,0,33
BRDA:89,4,1,2
BRDA:116,5,0,2
BRDA:116,5,1,1
BRDA:117,6,0,1
BRDA:117,6,1,1
BRDA:130,7,0,1
BRDA:130,7,1,1
BRDA:135,8,0,1
BRDA:135,8,1,1
BRDA:146,9,0,24
BRDA:146,9,1,1
BRDA:151,10,0,23
BRDA:151,10,1,1
BRF:20
BRH:20
end_of_record
TN:
SF:/Users/oscarmac/Desktop/BlockSwan/contracts/family-core-v1/contracts/GigV1.sol
FN:39,unconfirmed
FN:43,confirmed
FN:47,trial
FN:51,isBuyer
FN:55,isSeller
FN:59,isActor
FN:64,isAuthorized
FN:81,initialize
FN:94,autoRefund
FN:102,acceptOrder
FN:107,sendAll
FN:139,callTrial
FN:148,vote
FN:172,endTrial
FN:218,_transferTrial
FN:257,paymentToken
FN:261,gigFactory
FN:265,userSoul
FN:269,gigIndex
FN:273,buyer
FN:277,seller
FN:281,price
FN:285,timestamp
FN:289,metadata
FN:297,readTrialMetadata
FN:307,readTrialLogs
FN:313,logs
FN:317,state
FN:321,_transfer
FNF:29
FNH:29
FNDA:18,unconfirmed
FNDA:15,confirmed
FNDA:46,trial
FNDA:3,isBuyer
FNDA:14,isSeller
FNDA:23,isActor
FNDA:4,isAuthorized
FNDA:23,initialize
FNDA:2,autoRefund
FNDA:13,acceptOrder
FNDA:2,sendAll
FNDA:10,callTrial
FNDA:35,vote
FNDA:8,endTrial
FNDA:7,_transferTrial
FNDA:1,paymentToken
FNDA:1,gigFactory
FNDA:1,userSoul
FNDA:1,gigIndex
FNDA:1,buyer
FNDA:1,seller
FNDA:1,price
FNDA:1,timestamp
FNDA:1,metadata
FNDA:1,readTrialMetadata
FNDA:1,readTrialLogs
FNDA:1,logs
FNDA:5,state
FNDA:41,_transfer
DA:40,18
DA:41,17
DA:44,15
DA:45,12
DA:48,46
DA:49,45
DA:52,3
DA:53,2
DA:56,14
DA:57,13
DA:60,23
DA:61,22
DA:65,4
DA:70,3
DA:82,23
DA:83,23
DA:84,23
DA:85,23
DA:86,23
DA:87,23
DA:88,23
DA:89,23
DA:90,23
DA:91,23
DA:95,2
DA:96,1
DA:97,1
DA:98,1
DA:99,1
DA:103,13
DA:104,13
DA:108,2
DA:109,2
DA:110,2
DA:111,2
DA:112,1
DA:113,1
DA:115,1
DA:118,1
DA:121,1
DA:127,1
DA:128,1
DA:129,1
DA:130,1
DA:132,1
DA:134,2
DA:135,2
DA:136,2
DA:140,10
DA:141,10
DA:142,10
DA:143,10
DA:144,10
DA:145,10
DA:149,35
DA:157,34
DA:158,34
DA:159,8
DA:161,6
DA:163,7
DA:165,6
DA:167,7
DA:169,34
DA:173,8
DA:174,7
DA:175,7
DA:176,7
DA:177,7
DA:178,7
DA:179,7
DA:180,7
DA:181,7
DA:182,7
DA:183,7
DA:184,7
DA:185,7
DA:186,7
DA:187,7
DA:189,7
DA:190,5
DA:191,5
DA:192,5
DA:193,5
DA:195,7
DA:196,4
DA:197,4
DA:198,4
DA:199,4
DA:201,7
DA:202,1
DA:203,1
DA:204,1
DA:205,1
DA:207,7
DA:208,1
DA:209,1
DA:210,1
DA:211,1
DA:213,7
DA:214,7
DA:215,7
DA:224,7
DA:225,7
DA:226,7
DA:228,7
DA:231,7
DA:233,7
DA:235,7
DA:236,33
DA:243,7
DA:249,7
DA:250,7
DA:251,7
DA:252,7
DA:253,7
DA:254,7
DA:258,1
DA:262,1
DA:266,1
DA:270,1
DA:274,1
DA:278,1
DA:282,1
DA:286,1
DA:290,1
DA:300,1
DA:310,1
DA:314,1
DA:318,5
DA:322,41
LF:130
LH:130
BRDA:40,1,0,17
BRDA:40,1,1,1
BRDA:44,2,0,12
BRDA:44,2,1,3
BRDA:48,3,0,45
BRDA:48,3,1,1
BRDA:52,4,0,2
BRDA:52,4,1,1
BRDA:56,5,0,13
BRDA:56,5,1,1
BRDA:60,6,0,22
BRDA:60,6,1,1
BRDA:65,7,0,3
BRDA:65,7,1,1
BRDA:95,8,0,1
BRDA:95,8,1,1
BRDA:111,9,0,1
BRDA:111,9,1,1
BRDA:149,10,0,34
BRDA:149,10,1,1
BRDA:158,11,0,8
BRDA:158,11,1,26
BRDA:160,12,0,6
BRDA:160,12,1,20
BRDA:162,13,0,7
BRDA:162,13,1,13
BRDA:164,14,0,6
BRDA:164,14,1,7
BRDA:173,15,0,7
BRDA:173,15,1,1
BRDA:189,16,0,5
BRDA:189,16,1,2
BRDA:195,17,0,4
BRDA:195,17,1,3
BRDA:201,18,0,1
BRDA:201,18,1,6
BRDA:207,19,0,1
BRDA:207,19,1,6
BRF:38
BRH:38
end_of_record
TN:
SF:/Users/oscarmac/Desktop/BlockSwan/contracts/family-core-v1/contracts/interfaces/IGigFactory.sol
FNF:0
FNH:0
LF:0
LH:0
BRF:0
BRH:0
end_of_record
TN:
SF:/Users/oscarmac/Desktop/BlockSwan/contracts/family-core-v1/contracts/interfaces/IUserSoul.sol
FNF:0
FNH:0
LF:0
LH:0
BRF:0
BRH:0
end_of_record
TN:
SF:/Users/oscarmac/Desktop/BlockSwan/contracts/family-core-v1/contracts/UserSoul.sol
FN:57,constructor
FN:61,fromFactory
FN:66,fromGig
FN:71,changeGigFactory
FN:75,withdrawInviterRevenues
FN:84,mint
FN:95,burn
FN:101,setJudge
FN:107,setBan
FN:117,incrValidVotes
FN:123,decreaseUserJudgeWeight
FN:128,onGigSuccess
FN:133,onGigFail
FN:138,onTrial
FN:148,increaseInvitersBalance
FN:181,changeIdentity
FN:186,getUser
FN:208,hasSoul
FN:216,isJudge
FN:220,isBan
FN:224,getFirstInviter
FN:228,getSecondInviter
FN:232,getUserWeight
FN:240,getInviterBalance
FN:248,gigFactory
FN:252,balanceWeight
FN:256,totalValidVotes
FN:260,getUserIdentity
FN:264,isZeroAddress
FNF:29
FNH:29
FNDA:177,constructor
FNDA:35,fromFactory
FNDA:71,fromGig
FNDA:37,changeGigFactory
FNDA:1,withdrawInviterRevenues
FNDA:72,mint
FNDA:3,burn
FNDA:116,setJudge
FNDA:4,setBan
FNDA:33,incrValidVotes
FNDA:34,decreaseUserJudgeWeight
FNDA:8,onGigSuccess
FNDA:11,onGigFail
FNDA:10,onTrial
FNDA:8,increaseInvitersBalance
FNDA:2,changeIdentity
FNDA:1,getUser
FNDA:80,hasSoul
FNDA:42,isJudge
FNDA:86,isBan
FNDA:83,getFirstInviter
FNDA:83,getSecondInviter
FNDA:40,getUserWeight
FNDA:1,getInviterBalance
FNDA:23,gigFactory
FNDA:2,balanceWeight
FNDA:1,totalValidVotes
FNDA:68,getUserIdentity
FNDA:156,isZeroAddress
DA:58,177
DA:62,35
DA:63,34
DA:67,71
DA:68,70
DA:72,37
DA:76,1
DA:77,1
DA:78,0
DA:79,0
DA:80,0
DA:81,0
DA:85,72
DA:86,70
DA:87,70
DA:88,70
DA:89,70
DA:90,70
DA:91,70
DA:92,70
DA:96,3
DA:97,2
DA:98,2
DA:102,116
DA:103,116
DA:104,116
DA:108,4
DA:109,4
DA:110,4
DA:118,33
DA:125,34
DA:129,8
DA:130,8
DA:134,11
DA:135,11
DA:139,10
DA:140,10
DA:149,8
DA:150,8
DA:152,8
DA:153,7
DA:154,7
DA:156,8
DA:157,8
DA:159,8
DA:160,7
DA:161,7
DA:163,8
DA:164,8
DA:167,8
DA:168,8
DA:169,8
DA:170,8
DA:171,8
DA:182,2
DA:183,1
DA:198,1
DA:209,80
DA:210,75
DA:212,5
DA:217,42
DA:221,86
DA:225,83
DA:229,83
DA:237,40
DA:245,1
DA:249,23
DA:253,2
DA:257,1
DA:261,68
DA:265,156
LF:71
LH:67
BRDA:62,1,0,34
BRDA:62,1,1,1
BRDA:67,2,0,70
BRDA:67,2,1,1
BRDA:77,3,0,0
BRDA:77,3,1,1
BRDA:85,4,0,70
BRDA:85,4,1,2
BRDA:96,5,0,2
BRDA:96,5,1,1
BRDA:152,6,0,7
BRDA:152,6,1,1
BRDA:159,7,0,7
BRDA:159,7,1,1
BRDA:182,8,0,1
BRDA:182,8,1,1
BRDA:209,9,0,75
BRDA:209,9,1,5
BRF:18
BRH:17
end_of_record
